#
# There is insufficient memory for the Java Runtime Environment to continue.
# Native memory allocation (malloc) failed to allocate 1218256 bytes for Chunk::new
# Possible reasons:
#   The system is out of physical RAM or swap space
#   In 32 bit mode, the process size limit was hit
# Possible solutions:
#   Reduce memory load on the system
#   Increase physical memory or swap space
#   Check if swap backing store is full
#   Use 64 bit Java on a 64 bit OS
#   Decrease Java heap size (-Xmx/-Xms)
#   Decrease number of Java threads
#   Decrease Java thread stack sizes (-Xss)
#   Set larger code cache with -XX:ReservedCodeCacheSize=
# This output file may be truncated or incomplete.
#
#  Out of Memory Error (allocation.cpp:390), pid=248688, tid=0x000000000006113c
#
# JRE version: OpenJDK Runtime Environment (8.0_152-b06) (build 1.8.0_152-release-1136-b06)
# Java VM: OpenJDK 64-Bit Server VM (25.152-b06 mixed mode windows-amd64 compressed oops)
# Failed to write core dump. Minidumps are not enabled by default on client versions of Windows
#

---------------  T H R E A D  ---------------

Current thread (0x000000001799f800):  JavaThread "C2 CompilerThread0" daemon [_thread_in_native, id=397628, stack(0x0000000018160000,0x0000000018260000)]

Stack: [0x0000000018160000,0x0000000018260000]
[error occurred during error reporting (printing stack bounds), id 0xc0000005]

Native frames: (J=compiled Java code, j=interpreted, Vv=VM code, C=native code)


Current CompileTask:
C2:   3235 1364       4       java.net.URLClassLoader$1::run (5 bytes)


---------------  P R O C E S S  ---------------

Java Threads: ( => current thread )
  0x000000001b8c2800 JavaThread "Cache worker for file hash cache (C:\Users\ni.guliyev\Desktop\Terminal\.gradle\4.6\fileHashes)" [_thread_blocked, id=533404, stack(0x000000001c480000,0x000000001c580000)]
  0x0000000019b0d800 JavaThread "File lock request listener" [_thread_in_native, id=82492, stack(0x000000001b3b0000,0x000000001b4b0000)]
  0x0000000019d53000 JavaThread "Cache worker for file hash cache (C:\Users\ni.guliyev\.gradle\caches\4.6\fileHashes)" [_thread_blocked, id=104148, stack(0x000000001b2b0000,0x000000001b3b0000)]
  0x0000000019b85800 JavaThread "Stdin handler" [_thread_blocked, id=614544, stack(0x000000001aeb0000,0x000000001afb0000)]
  0x0000000019b81000 JavaThread "Asynchronous log dispatcher for DefaultDaemonConnection: socket connection from /127.0.0.1:59534 to /127.0.0.1:59535" [_thread_blocked, id=349556, stack(0x000000001adb0000,0x000000001aeb0000)]
  0x0000000019b8d800 JavaThread "Daemon worker" [_thread_in_vm, id=71600, stack(0x000000001acb0000,0x000000001adb0000)]
  0x0000000019b8d000 JavaThread "Cancel handler" [_thread_blocked, id=508028, stack(0x000000001abb0000,0x000000001acb0000)]
  0x0000000019b57800 JavaThread "Handler for socket connection from /127.0.0.1:59534 to /127.0.0.1:59535" [_thread_in_native, id=108556, stack(0x000000001a8b0000,0x000000001a9b0000)]
  0x000000001999e800 JavaThread "Daemon" [_thread_blocked, id=519152, stack(0x000000001a7b0000,0x000000001a8b0000)]
  0x0000000019944800 JavaThread "Daemon periodic checks" [_thread_blocked, id=102848, stack(0x000000001a6b0000,0x000000001a7b0000)]
  0x00000000198cf800 JavaThread "Incoming local TCP Connector on port 59534" [_thread_in_native, id=531820, stack(0x000000001a470000,0x000000001a570000)]
  0x0000000017a38000 JavaThread "Service Thread" daemon [_thread_blocked, id=553252, stack(0x0000000018560000,0x0000000018660000)]
  0x00000000179ab000 JavaThread "C1 CompilerThread3" daemon [_thread_blocked, id=113432, stack(0x0000000018460000,0x0000000018560000)]
  0x00000000179a7000 JavaThread "C2 CompilerThread2" daemon [_thread_blocked, id=63144, stack(0x0000000018360000,0x0000000018460000)]
  0x00000000179a2800 JavaThread "C2 CompilerThread1" daemon [_thread_in_native, id=585552, stack(0x0000000018260000,0x0000000018360000)]
=>0x000000001799f800 JavaThread "C2 CompilerThread0" daemon [_thread_in_native, id=397628, stack(0x0000000018160000,0x0000000018260000)]
  0x000000001799e800 JavaThread "Attach Listener" daemon [_thread_blocked, id=32828, stack(0x0000000018060000,0x0000000018160000)]
  0x0000000017999800 JavaThread "Signal Dispatcher" daemon [_thread_blocked, id=51976, stack(0x0000000017f60000,0x0000000018060000)]
  0x0000000002f59000 JavaThread "Finalizer" daemon [_thread_blocked, id=91252, stack(0x0000000017d70000,0x0000000017e70000)]
  0x0000000002f55000 JavaThread "Reference Handler" daemon [_thread_blocked, id=98004, stack(0x0000000017870000,0x0000000017970000)]
  0x0000000002d1e800 JavaThread "main" [_thread_blocked, id=30436, stack(0x0000000002d60000,0x0000000002e60000)]

Other Threads:
  0x0000000015a75800 VMThread [stack: 0x0000000017770000,0x0000000017870000] [id=103984]
  0x0000000017a15800 WatcherThread [stack: 0x0000000018660000,0x0000000018760000] [id=64960]

VM state:not at safepoint (normal execution)

VM Mutex/Monitor currently owned by a thread: None

Heap:
 PSYoungGen      total 38400K, used 16403K [0x00000000eab00000, 0x00000000ed580000, 0x0000000100000000)
  eden space 33280K, 33% used [0x00000000eab00000,0x00000000eb608940,0x00000000ecb80000)
  from space 5120K, 99% used [0x00000000ecb80000,0x00000000ed07c520,0x00000000ed080000)
  to   space 5120K, 0% used [0x00000000ed080000,0x00000000ed080000,0x00000000ed580000)
 ParOldGen       total 87552K, used 1929K [0x00000000c0000000, 0x00000000c5580000, 0x00000000eab00000)
  object space 87552K, 2% used [0x00000000c0000000,0x00000000c01e2580,0x00000000c5580000)
 Metaspace       used 15054K, capacity 15452K, committed 15616K, reserved 1062912K
  class space    used 2126K, capacity 2284K, committed 2304K, reserved 1048576K

Card table byte_map: [0x0000000012320000,0x0000000012530000] byte_map_base: 0x0000000011d20000

Marking Bits: (ParMarkBitMap*) 0x000000005ac15aa0
 Begin Bits: [0x0000000012e90000, 0x0000000013e90000)
 End Bits:   [0x0000000013e90000, 0x0000000014e90000)

Polling page: 0x0000000000fb0000

CodeCache: size=245760Kb used=4970Kb max_used=4970Kb free=240789Kb
 bounds [0x0000000002f60000, 0x0000000003440000, 0x0000000011f60000]
 total_blobs=1833 nmethods=1464 adapters=282
 compilation: enabled

Compilation events (10 events):
Event: 3.214 Thread 0x00000000179ab000 nmethod 1460 0x0000000003437690 code [0x0000000003437800, 0x0000000003437968]
Event: 3.223 Thread 0x00000000179ab000 1461       3       java.util.concurrent.locks.AbstractQueuedSynchronizer::<init> (5 bytes)
Event: 3.224 Thread 0x00000000179ab000 nmethod 1461 0x0000000003437250 code [0x00000000034373c0, 0x00000000034375d0]
Event: 3.224 Thread 0x00000000179ab000 1462       3       java.util.concurrent.locks.AbstractOwnableSynchronizer::<init> (5 bytes)
Event: 3.224 Thread 0x00000000179ab000 nmethod 1462 0x0000000003436e90 code [0x0000000003436fe0, 0x0000000003437190]
Event: 3.226 Thread 0x00000000179ab000 1463       3       org.gradle.internal.service.DefaultServiceRegistry$SingletonService::get (5 bytes)
Event: 3.227 Thread 0x00000000179ab000 nmethod 1463 0x0000000003436a90 code [0x0000000003436c00, 0x0000000003436e08]
Event: 3.227 Thread 0x00000000179ab000 1464   !   3       org.gradle.internal.service.DefaultServiceRegistry$ManagedObjectServiceProvider::getInstance (81 bytes)
Event: 3.227 Thread 0x00000000179ab000 nmethod 1464 0x00000000034363d0 code [0x0000000003436540, 0x00000000034369a8]
Event: 3.229 Thread 0x00000000179ab000 1465   !   3       org.gradle.internal.classloader.TransformingClassLoader::findClass (203 bytes)

GC Heap History (6 events):
Event: 0.808 GC heap before
{Heap before GC invocations=1 (full 0):
 PSYoungGen      total 38400K, used 33280K [0x00000000eab00000, 0x00000000ed580000, 0x0000000100000000)
  eden space 33280K, 100% used [0x00000000eab00000,0x00000000ecb80000,0x00000000ecb80000)
  from space 5120K, 0% used [0x00000000ed080000,0x00000000ed080000,0x00000000ed580000)
  to   space 5120K, 0% used [0x00000000ecb80000,0x00000000ecb80000,0x00000000ed080000)
 ParOldGen       total 87552K, used 0K [0x00000000c0000000, 0x00000000c5580000, 0x00000000eab00000)
  object space 87552K, 0% used [0x00000000c0000000,0x00000000c0000000,0x00000000c5580000)
 Metaspace       used 6642K, capacity 6766K, committed 7040K, reserved 1056768K
  class space    used 807K, capacity 875K, committed 896K, reserved 1048576K
Event: 0.817 GC heap after
Heap after GC invocations=1 (full 0):
 PSYoungGen      total 38400K, used 4293K [0x00000000eab00000, 0x00000000ed580000, 0x0000000100000000)
  eden space 33280K, 0% used [0x00000000eab00000,0x00000000eab00000,0x00000000ecb80000)
  from space 5120K, 83% used [0x00000000ecb80000,0x00000000ecfb1548,0x00000000ed080000)
  to   space 5120K, 0% used [0x00000000ed080000,0x00000000ed080000,0x00000000ed580000)
 ParOldGen       total 87552K, used 8K [0x00000000c0000000, 0x00000000c5580000, 0x00000000eab00000)
  object space 87552K, 0% used [0x00000000c0000000,0x00000000c0002000,0x00000000c5580000)
 Metaspace       used 6642K, capacity 6766K, committed 7040K, reserved 1056768K
  class space    used 807K, capacity 875K, committed 896K, reserved 1048576K
}
Event: 2.537 GC heap before
{Heap before GC invocations=2 (full 0):
 PSYoungGen      total 38400K, used 37573K [0x00000000eab00000, 0x00000000ed580000, 0x0000000100000000)
  eden space 33280K, 100% used [0x00000000eab00000,0x00000000ecb80000,0x00000000ecb80000)
  from space 5120K, 83% used [0x00000000ecb80000,0x00000000ecfb1548,0x00000000ed080000)
  to   space 5120K, 0% used [0x00000000ed080000,0x00000000ed080000,0x00000000ed580000)
 ParOldGen       total 87552K, used 8K [0x00000000c0000000, 0x00000000c5580000, 0x00000000eab00000)
  object space 87552K, 0% used [0x00000000c0000000,0x00000000c0002000,0x00000000c5580000)
 Metaspace       used 10717K, capacity 10952K, committed 11008K, reserved 1058816K
  class space    used 1405K, capacity 1518K, committed 1536K, reserved 1048576K
Event: 2.548 GC heap after
Heap after GC invocations=2 (full 0):
 PSYoungGen      total 38400K, used 5118K [0x00000000eab00000, 0x00000000ed580000, 0x0000000100000000)
  eden space 33280K, 0% used [0x00000000eab00000,0x00000000eab00000,0x00000000ecb80000)
  from space 5120K, 99% used [0x00000000ed080000,0x00000000ed57f830,0x00000000ed580000)
  to   space 5120K, 0% used [0x00000000ecb80000,0x00000000ecb80000,0x00000000ed080000)
 ParOldGen       total 87552K, used 141K [0x00000000c0000000, 0x00000000c5580000, 0x00000000eab00000)
  object space 87552K, 0% used [0x00000000c0000000,0x00000000c00236c8,0x00000000c5580000)
 Metaspace       used 10717K, capacity 10952K, committed 11008K, reserved 1058816K
  class space    used 1405K, capacity 1518K, committed 1536K, reserved 1048576K
}
Event: 2.958 GC heap before
{Heap before GC invocations=3 (full 0):
 PSYoungGen      total 38400K, used 38398K [0x00000000eab00000, 0x00000000ed580000, 0x0000000100000000)
  eden space 33280K, 100% used [0x00000000eab00000,0x00000000ecb80000,0x00000000ecb80000)
  from space 5120K, 99% used [0x00000000ed080000,0x00000000ed57f830,0x00000000ed580000)
  to   space 5120K, 0% used [0x00000000ecb80000,0x00000000ecb80000,0x00000000ed080000)
 ParOldGen       total 87552K, used 141K [0x00000000c0000000, 0x00000000c5580000, 0x00000000eab00000)
  object space 87552K, 0% used [0x00000000c0000000,0x00000000c00236c8,0x00000000c5580000)
 Metaspace       used 13998K, capacity 14364K, committed 14464K, reserved 1060864K
  class space    used 1954K, capacity 2092K, committed 2176K, reserved 1048576K
Event: 2.969 GC heap after
Heap after GC invocations=3 (full 0):
 PSYoungGen      total 38400K, used 5105K [0x00000000eab00000, 0x00000000ed580000, 0x0000000100000000)
  eden space 33280K, 0% used [0x00000000eab00000,0x00000000eab00000,0x00000000ecb80000)
  from space 5120K, 99% used [0x00000000ecb80000,0x00000000ed07c520,0x00000000ed080000)
  to   space 5120K, 0% used [0x00000000ed080000,0x00000000ed080000,0x00000000ed580000)
 ParOldGen       total 87552K, used 1929K [0x00000000c0000000, 0x00000000c5580000, 0x00000000eab00000)
  object space 87552K, 2% used [0x00000000c0000000,0x00000000c01e2580,0x00000000c5580000)
 Metaspace       used 13998K, capacity 14364K, committed 14464K, reserved 1060864K
  class space    used 1954K, capacity 2092K, committed 2176K, reserved 1048576K
}

Deoptimization events (10 events):
Event: 1.433 Thread 0x0000000002d1e800 Uncommon trap: reason=unstable_if action=reinterpret pc=0x0000000003206518 method=java.io.WinNTFileSystem.normalize(Ljava/lang/String;)Ljava/lang/String; @ 128
Event: 1.433 Thread 0x0000000002d1e800 Uncommon trap: reason=unstable_if action=reinterpret pc=0x000000000329bab8 method=java.io.WinNTFileSystem.normalize(Ljava/lang/String;II)Ljava/lang/String; @ 90
Event: 2.608 Thread 0x0000000019b57800 Uncommon trap: reason=unstable_if action=reinterpret pc=0x0000000003354cbc method=java.util.concurrent.ConcurrentHashMap.putVal(Ljava/lang/Object;Ljava/lang/Object;Z)Ljava/lang/Object; @ 206
Event: 2.679 Thread 0x0000000019b8d800 Uncommon trap: reason=bimorphic action=maybe_recompile pc=0x0000000003290798 method=java.util.HashMap.putVal(ILjava/lang/Object;Ljava/lang/Object;ZZ)Ljava/lang/Object; @ 253
Event: 2.679 Thread 0x0000000019b8d800 Uncommon trap: reason=bimorphic action=maybe_recompile pc=0x0000000003290798 method=java.util.HashMap.putVal(ILjava/lang/Object;Ljava/lang/Object;ZZ)Ljava/lang/Object; @ 253
Event: 2.679 Thread 0x0000000019b8d800 Uncommon trap: reason=bimorphic action=maybe_recompile pc=0x0000000003290798 method=java.util.HashMap.putVal(ILjava/lang/Object;Ljava/lang/Object;ZZ)Ljava/lang/Object; @ 253
Event: 2.870 Thread 0x0000000019b8d800 Uncommon trap: reason=class_check action=maybe_recompile pc=0x00000000031fbe44 method=java.util.regex.Matcher.match(II)Z @ 86
Event: 2.870 Thread 0x0000000019b8d800 Uncommon trap: reason=class_check action=maybe_recompile pc=0x00000000031fbe44 method=java.util.regex.Matcher.match(II)Z @ 86
Event: 2.949 Thread 0x0000000019b8d800 Uncommon trap: reason=class_check action=maybe_recompile pc=0x00000000031cf4dc method=java.util.regex.Matcher.match(II)Z @ 86
Event: 3.037 Thread 0x0000000019b8d800 Uncommon trap: reason=unstable_if action=reinterpret pc=0x00000000033da0f4 method=java.lang.String.lastIndexOf([CII[CIII)I @ 66

Classes redefined (0 events):
No events

Internal exceptions (10 events):
Event: 2.627 Thread 0x0000000019b57800 Exception <a 'java/lang/NoSuchMethodError': <clinit>> (0x00000000eaf45158) thrown at [D:\src\AOSP-openjdk-cygwin\jdk8u\hotspot\src\share\vm\prims\jni.cpp, line 1613]
Event: 2.628 Thread 0x0000000019b57800 Exception <a 'java/lang/NoSuchMethodError': <clinit>> (0x00000000eaf56830) thrown at [D:\src\AOSP-openjdk-cygwin\jdk8u\hotspot\src\share\vm\prims\jni.cpp, line 1613]
Event: 2.637 Thread 0x0000000019b57800 Exception <a 'java/lang/NoSuchMethodError': <clinit>> (0x00000000eafcac68) thrown at [D:\src\AOSP-openjdk-cygwin\jdk8u\hotspot\src\share\vm\prims\jni.cpp, line 1613]
Event: 2.642 Thread 0x0000000019b57800 Exception <a 'java/lang/NoSuchMethodError': <clinit>> (0x00000000eafefef8) thrown at [D:\src\AOSP-openjdk-cygwin\jdk8u\hotspot\src\share\vm\prims\jni.cpp, line 1613]
Event: 2.646 Thread 0x0000000019b57800 Exception <a 'java/lang/NoSuchMethodError': <clinit>> (0x00000000eb01ba80) thrown at [D:\src\AOSP-openjdk-cygwin\jdk8u\hotspot\src\share\vm\prims\jni.cpp, line 1613]
Event: 2.647 Thread 0x0000000019b57800 Exception <a 'java/lang/NoSuchMethodError': <clinit>> (0x00000000eb026e20) thrown at [D:\src\AOSP-openjdk-cygwin\jdk8u\hotspot\src\share\vm\prims\jni.cpp, line 1613]
Event: 2.648 Thread 0x0000000019b57800 Exception <a 'java/lang/NoSuchMethodError': <clinit>> (0x00000000eb032730) thrown at [D:\src\AOSP-openjdk-cygwin\jdk8u\hotspot\src\share\vm\prims\jni.cpp, line 1613]
Event: 2.650 Thread 0x0000000019b57800 Exception <a 'java/lang/NoSuchMethodError': <clinit>> (0x00000000eb055e00) thrown at [D:\src\AOSP-openjdk-cygwin\jdk8u\hotspot\src\share\vm\prims\jni.cpp, line 1613]
Event: 2.668 Thread 0x0000000019b8d800 Exception <a 'java/lang/NoSuchMethodError': <clinit>> (0x00000000eb1710c0) thrown at [D:\src\AOSP-openjdk-cygwin\jdk8u\hotspot\src\share\vm\prims\jni.cpp, line 1613]
Event: 2.668 Thread 0x0000000019b8d800 Exception <a 'java/lang/NoSuchMethodError': <clinit>> (0x00000000eb179348) thrown at [D:\src\AOSP-openjdk-cygwin\jdk8u\hotspot\src\share\vm\prims\jni.cpp, line 1613]

Events (10 events):
Event: 3.227 loading class org/gradle/api/internal/initialization/DefaultClassLoaderScope
Event: 3.227 loading class org/gradle/api/internal/initialization/DefaultClassLoaderScope done
Event: 3.228 loading class org/gradle/internal/classloader/MultiParentClassLoader
Event: 3.228 loading class org/gradle/internal/classloader/MultiParentClassLoader done
Event: 3.229 loading class org/gradle/api/internal/artifacts/ivyservice/ivyresolve/strategy/DefaultVersionComparator
Event: 3.229 loading class org/gradle/api/internal/artifacts/ivyservice/ivyresolve/strategy/DefaultVersionComparator done
Event: 3.230 loading class org/gradle/api/internal/artifacts/ivyservice/ivyresolve/strategy/StaticVersionComparator
Event: 3.230 loading class org/gradle/api/internal/artifacts/ivyservice/ivyresolve/strategy/StaticVersionComparator done
Event: 3.231 loading class org/gradle/api/internal/artifacts/ivyservice/ivyresolve/strategy/DefaultVersionSelectorScheme
Event: 3.231 loading class org/gradle/api/internal/artifacts/ivyservice/ivyresolve/strategy/DefaultVersionSelectorScheme done


Dynamic libraries:
0x00007ff75a290000 - 0x00007ff75a2c1000 	C:\Program Files\Android\Android Studio\jre\bin\java.exe
0x00007ff82ef30000 - 0x00007ff82f111000 	C:\WINDOWS\SYSTEM32\ntdll.dll
0x00007ff82c3f0000 - 0x00007ff82c4a1000 	C:\WINDOWS\System32\KERNEL32.DLL
0x00007ff82b2d0000 - 0x00007ff82b543000 	C:\WINDOWS\System32\KERNELBASE.dll
0x00007ff82c610000 - 0x00007ff82c6b1000 	C:\WINDOWS\System32\ADVAPI32.dll
0x00007ff82d1b0000 - 0x00007ff82d24e000 	C:\WINDOWS\System32\msvcrt.dll
0x00007ff82c5b0000 - 0x00007ff82c60b000 	C:\WINDOWS\System32\sechost.dll
0x00007ff82ece0000 - 0x00007ff82ee04000 	C:\WINDOWS\System32\RPCRT4.dll
0x00007ff82d700000 - 0x00007ff82d890000 	C:\WINDOWS\System32\USER32.dll
0x00007ff82c1d0000 - 0x00007ff82c1f0000 	C:\WINDOWS\System32\win32u.dll
0x00007ff82c580000 - 0x00007ff82c5a8000 	C:\WINDOWS\System32\GDI32.dll
0x00007ff82c1f0000 - 0x00007ff82c381000 	C:\WINDOWS\System32\gdi32full.dll
0x00007ff82b5a0000 - 0x00007ff82b63f000 	C:\WINDOWS\System32\msvcp_win.dll
0x00007ff82bff0000 - 0x00007ff82c0e8000 	C:\WINDOWS\System32\ucrtbase.dll
0x00007ff80e500000 - 0x00007ff80e769000 	C:\WINDOWS\WinSxS\amd64_microsoft.windows.common-controls_6595b64144ccf1df_6.0.17134.829_none_fb46a5473061b9d5\COMCTL32.dll
0x00007ff82d250000 - 0x00007ff82d572000 	C:\WINDOWS\System32\combase.dll
0x00007ff82c0f0000 - 0x00007ff82c16a000 	C:\WINDOWS\System32\bcryptPrimitives.dll
0x00007ff82c6c0000 - 0x00007ff82c6ed000 	C:\WINDOWS\System32\IMM32.DLL
0x000000005dc60000 - 0x000000005dd32000 	C:\Program Files\Android\Android Studio\jre\jre\bin\msvcr100.dll
0x000000005a450000 - 0x000000005ac91000 	C:\Program Files\Android\Android Studio\jre\jre\bin\server\jvm.dll
0x00007ff82eec0000 - 0x00007ff82eec8000 	C:\WINDOWS\System32\PSAPI.DLL
0x00007ff8249a0000 - 0x00007ff8249aa000 	C:\WINDOWS\SYSTEM32\VERSION.dll
0x00007ff820720000 - 0x00007ff820743000 	C:\WINDOWS\SYSTEM32\WINMM.dll
0x00007ff8180a0000 - 0x00007ff8180a9000 	C:\WINDOWS\SYSTEM32\WSOCK32.dll
0x00007ff82d690000 - 0x00007ff82d6fc000 	C:\WINDOWS\System32\WS2_32.dll
0x00007ff8206f0000 - 0x00007ff82071a000 	C:\WINDOWS\SYSTEM32\WINMMBASE.dll
0x00007ff82b550000 - 0x00007ff82b599000 	C:\WINDOWS\System32\cfgmgr32.dll
0x00007ff826b90000 - 0x00007ff826b9f000 	C:\Program Files\Android\Android Studio\jre\jre\bin\verify.dll
0x00007ff8254e0000 - 0x00007ff825509000 	C:\Program Files\Android\Android Studio\jre\jre\bin\java.dll
0x00007ff8256a0000 - 0x00007ff8256b6000 	C:\Program Files\Android\Android Studio\jre\jre\bin\zip.dll
0x00007ff82d8a0000 - 0x00007ff82ece0000 	C:\WINDOWS\System32\SHELL32.dll
0x00007ff82ee10000 - 0x00007ff82eeb9000 	C:\WINDOWS\System32\shcore.dll
0x00007ff82b6f0000 - 0x00007ff82bdfd000 	C:\WINDOWS\System32\windows.storage.dll
0x00007ff82d150000 - 0x00007ff82d1a1000 	C:\WINDOWS\System32\shlwapi.dll
0x00007ff82b2b0000 - 0x00007ff82b2c1000 	C:\WINDOWS\System32\kernel.appcore.dll
0x00007ff82b290000 - 0x00007ff82b2af000 	C:\WINDOWS\System32\profapi.dll
0x00007ff82b220000 - 0x00007ff82b26c000 	C:\WINDOWS\System32\powrprof.dll
0x00007ff82b210000 - 0x00007ff82b21a000 	C:\WINDOWS\System32\FLTLIB.DLL
0x00007ff822890000 - 0x00007ff8228aa000 	C:\Program Files\Android\Android Studio\jre\jre\bin\net.dll
0x00007ff82aa90000 - 0x00007ff82aaf6000 	C:\WINDOWS\system32\mswsock.dll
0x00007ff820440000 - 0x00007ff820451000 	C:\Program Files\Android\Android Studio\jre\jre\bin\nio.dll
0x00007ff823df0000 - 0x00007ff823e0e000 	C:\Users\ni.guliyev\.gradle\native\25\windows-amd64\native-platform.dll
0x00007ff825600000 - 0x00007ff82560d000 	C:\Program Files\Android\Android Studio\jre\jre\bin\management.dll
0x00007ff82ac40000 - 0x00007ff82ac57000 	C:\WINDOWS\SYSTEM32\CRYPTSP.dll
0x00007ff82a680000 - 0x00007ff82a6b3000 	C:\WINDOWS\system32\rsaenh.dll
0x00007ff82ad70000 - 0x00007ff82ad95000 	C:\WINDOWS\SYSTEM32\bcrypt.dll
0x00007ff82b110000 - 0x00007ff82b138000 	C:\WINDOWS\SYSTEM32\USERENV.dll
0x00007ff82ac60000 - 0x00007ff82ac6b000 	C:\WINDOWS\SYSTEM32\CRYPTBASE.dll
0x00007ff82a820000 - 0x00007ff82a858000 	C:\WINDOWS\SYSTEM32\IPHLPAPI.DLL
0x00007ff82d140000 - 0x00007ff82d148000 	C:\WINDOWS\System32\NSI.dll
0x00007ff8265a0000 - 0x00007ff8265b6000 	C:\WINDOWS\SYSTEM32\dhcpcsvc6.DLL
0x00007ff826050000 - 0x00007ff82606a000 	C:\WINDOWS\SYSTEM32\dhcpcsvc.DLL

VM Arguments:
jvm_args: -Xmx1024m -Dfile.encoding=windows-1252 -Duser.country=US -Duser.language=en -Duser.variant 
java_command: org.gradle.launcher.daemon.bootstrap.GradleDaemon 4.6
java_class_path (initial): C:\Users\ni.guliyev\.gradle\wrapper\dists\gradle-4.6-all\bcst21l2brirad8k2ben1letg\gradle-4.6\lib\gradle-launcher-4.6.jar
Launcher Type: SUN_STANDARD

Environment Variables:
PATH=C:\Program Files (x86)\Common Files\Oracle\Java\javapath;C:\WINDOWS\system32;C:\WINDOWS;C:\WINDOWS\System32\Wbem;C:\WINDOWS\System32\WindowsPowerShell\v1.0\;C:\Program Files\dotnet\;C:\Program Files\Microsoft SQL Server\130\Tools\Binn\;C:\Program Files\Microsoft SQL Server\Client SDK\ODBC\130\Tools\Binn\;C:\Program Files (x86)\Microsoft SQL Server\140\Tools\Binn\;C:\Program Files\Microsoft SQL Server\140\Tools\Binn\;C:\Program Files\Microsoft SQL Server\140\DTS\Binn\;C:\Program Files (x86)\Microsoft SQL Server\Client SDK\ODBC\130\Tools\Binn\;C:\Program Files (x86)\Microsoft SQL Server\140\DTS\Binn\;C:\Program Files (x86)\Microsoft SQL Server\140\Tools\Binn\ManagementStudio\;C:\WINDOWS\System32\OpenSSH\;C:\opt\apache-maven-3.6.0\bin;C:\Program Files\Java\jdk-11.0.1\bin;C:\Users\ni.guliyev\AppData\Local\Programs\Microsoft VS Code\bin;C:\Users\ni.guliyev\.android;;%USERPROFILE%\AppData\Local\Microsoft\WindowsApps
USERNAME=ni.guliyev
OS=Windows_NT
PROCESSOR_IDENTIFIER=Intel64 Family 6 Model 142 Stepping 10, GenuineIntel



---------------  S Y S T E M  ---------------

OS: Windows 10.0 , 64 bit Build 17134 (10.0.17134.753)

CPU:total 8 (initial active 8) (4 cores per cpu, 2 threads per core) family 6 model 142 stepping 10, cmov, cx8, fxsr, mmx, sse, sse2, sse3, ssse3, sse4.1, sse4.2, popcnt, avx, avx2, aes, clmul, erms, 3dnowpref, lzcnt, ht, tsc, tscinvbit, bmi1, bmi2, adx

Memory: 4k page, physical 8281300k(496056k free), swap 33447124k(5940k free)

vm_info: OpenJDK 64-Bit Server VM (25.152-b06) for windows-amd64 JRE (1.8.0_152-release-1136-b06), built by "builder" with MS VC++ 10.0 (VS2010)

time: Wed Aug 14 10:40:45 2019
elapsed time: 3 seconds (0d 0h 0m 3s)

