#
# There is insufficient memory for the Java Runtime Environment to continue.
# Native memory allocation (malloc) failed to allocate 1311696 bytes for Chunk::new
# Possible reasons:
#   The system is out of physical RAM or swap space
#   In 32 bit mode, the process size limit was hit
# Possible solutions:
#   Reduce memory load on the system
#   Increase physical memory or swap space
#   Check if swap backing store is full
#   Use 64 bit Java on a 64 bit OS
#   Decrease Java heap size (-Xmx/-Xms)
#   Decrease number of Java threads
#   Decrease Java thread stack sizes (-Xss)
#   Set larger code cache with -XX:ReservedCodeCacheSize=
# This output file may be truncated or incomplete.
#
#  Out of Memory Error (allocation.cpp:390), pid=78816, tid=0x000000000000cbc4
#
# JRE version: OpenJDK Runtime Environment (8.0_152-b06) (build 1.8.0_152-release-1136-b06)
# Java VM: OpenJDK 64-Bit Server VM (25.152-b06 mixed mode windows-amd64 compressed oops)
# Failed to write core dump. Minidumps are not enabled by default on client versions of Windows
#

---------------  T H R E A D  ---------------

Current thread (0x0000000015e6e000):  JavaThread "C2 CompilerThread2" daemon [_thread_in_native, id=52164, stack(0x0000000018630000,0x0000000018730000)]

Stack: [0x0000000018630000,0x0000000018730000]
[error occurred during error reporting (printing stack bounds), id 0xc0000005]

Native frames: (J=compiled Java code, j=interpreted, Vv=VM code, C=native code)


Current CompileTask:
C2:   3922 1360       4       java.net.URLClassLoader$1::run (5 bytes)


---------------  P R O C E S S  ---------------

Java Threads: ( => current thread )
  0x000000001b892000 JavaThread "Cache worker for file hash cache (C:\Users\ni.guliyev\Desktop\Terminal\.gradle\4.6\fileHashes)" [_thread_blocked, id=103824, stack(0x000000001d720000,0x000000001d820000)]
  0x000000001a076000 JavaThread "File lock request listener" [_thread_in_native, id=85900, stack(0x000000001b680000,0x000000001b780000)]
  0x0000000019df6000 JavaThread "Cache worker for file hash cache (C:\Users\ni.guliyev\.gradle\caches\4.6\fileHashes)" [_thread_blocked, id=10648, stack(0x000000001b580000,0x000000001b680000)]
  0x0000000019cef800 JavaThread "Stdin handler" [_thread_blocked, id=41696, stack(0x000000001b180000,0x000000001b280000)]
  0x0000000019cf2800 JavaThread "Asynchronous log dispatcher for DefaultDaemonConnection: socket connection from /127.0.0.1:59638 to /127.0.0.1:59639" [_thread_blocked, id=52672, stack(0x000000001b080000,0x000000001b180000)]
  0x0000000019ceb800 JavaThread "Daemon worker" [_thread_in_vm, id=548872, stack(0x000000001af80000,0x000000001b080000)]
  0x0000000019ccf800 JavaThread "Cancel handler" [_thread_blocked, id=9548, stack(0x000000001ae80000,0x000000001af80000)]
  0x0000000019cdb000 JavaThread "Handler for socket connection from /127.0.0.1:59638 to /127.0.0.1:59639" [_thread_in_native, id=510520, stack(0x000000001ab80000,0x000000001ac80000)]
  0x0000000019c5e000 JavaThread "Daemon" [_thread_blocked, id=89348, stack(0x000000001aa80000,0x000000001ab80000)]
  0x0000000019c59800 JavaThread "Daemon periodic checks" [_thread_blocked, id=554876, stack(0x000000001a980000,0x000000001aa80000)]
  0x0000000019c19800 JavaThread "Incoming local TCP Connector on port 59638" [_thread_in_native, id=616948, stack(0x000000001a740000,0x000000001a840000)]
  0x0000000017df3000 JavaThread "Service Thread" daemon [_thread_blocked, id=101160, stack(0x0000000018830000,0x0000000018930000)]
  0x0000000017d6d000 JavaThread "C1 CompilerThread3" daemon [_thread_blocked, id=617356, stack(0x0000000018730000,0x0000000018830000)]
=>0x0000000015e6e000 JavaThread "C2 CompilerThread2" daemon [_thread_in_native, id=52164, stack(0x0000000018630000,0x0000000018730000)]
  0x0000000015e6b000 JavaThread "C2 CompilerThread1" daemon [_thread_blocked, id=284772, stack(0x0000000018530000,0x0000000018630000)]
  0x0000000017d5d800 JavaThread "C2 CompilerThread0" daemon [_thread_in_native, id=108428, stack(0x0000000018430000,0x0000000018530000)]
  0x0000000017d5c000 JavaThread "Attach Listener" daemon [_thread_blocked, id=530928, stack(0x0000000018330000,0x0000000018430000)]
  0x0000000017d59000 JavaThread "Signal Dispatcher" daemon [_thread_blocked, id=63688, stack(0x0000000018230000,0x0000000018330000)]
  0x0000000017d50800 JavaThread "Finalizer" daemon [_thread_blocked, id=120928, stack(0x0000000018130000,0x0000000018230000)]
  0x0000000015e5b800 JavaThread "Reference Handler" daemon [_thread_blocked, id=69396, stack(0x0000000017c30000,0x0000000017d30000)]
  0x000000000313e800 JavaThread "main" [_thread_blocked, id=114076, stack(0x0000000003140000,0x0000000003240000)]

Other Threads:
  0x0000000015e55000 VMThread [stack: 0x0000000017b30000,0x0000000017c30000] [id=501724]
  0x0000000017df3800 WatcherThread [stack: 0x0000000018930000,0x0000000018a30000] [id=428624]

VM state:not at safepoint (normal execution)

VM Mutex/Monitor currently owned by a thread: None

Heap:
 PSYoungGen      total 38400K, used 15163K [0x00000000eab00000, 0x00000000ef600000, 0x0000000100000000)
  eden space 33280K, 30% used [0x00000000eab00000,0x00000000eb4d20c8,0x00000000ecb80000)
  from space 5120K, 99% used [0x00000000ecb80000,0x00000000ed07ce78,0x00000000ed080000)
  to   space 5120K, 0% used [0x00000000ef100000,0x00000000ef100000,0x00000000ef600000)
 ParOldGen       total 87552K, used 2254K [0x00000000c0000000, 0x00000000c5580000, 0x00000000eab00000)
  object space 87552K, 2% used [0x00000000c0000000,0x00000000c0233850,0x00000000c5580000)
 Metaspace       used 15055K, capacity 15452K, committed 15616K, reserved 1062912K
  class space    used 2130K, capacity 2284K, committed 2304K, reserved 1048576K

Card table byte_map: [0x0000000012700000,0x0000000012910000] byte_map_base: 0x0000000012100000

Marking Bits: (ParMarkBitMap*) 0x000000005ac15aa0
 Begin Bits: [0x0000000013270000, 0x0000000014270000)
 End Bits:   [0x0000000014270000, 0x0000000015270000)

Polling page: 0x0000000001900000

CodeCache: size=245760Kb used=4924Kb max_used=4924Kb free=240835Kb
 bounds [0x0000000003340000, 0x0000000003820000, 0x0000000012340000]
 total_blobs=1830 nmethods=1461 adapters=282
 compilation: enabled

Compilation events (10 events):
Event: 3.905 Thread 0x0000000017d6d000 nmethod 1457 0x0000000003809650 code [0x00000000038097c0, 0x0000000003809928]
Event: 3.913 Thread 0x0000000017d6d000 1458       3       java.util.concurrent.locks.AbstractQueuedSynchronizer::<init> (5 bytes)
Event: 3.913 Thread 0x0000000017d6d000 nmethod 1458 0x00000000038099d0 code [0x0000000003809b40, 0x0000000003809d50]
Event: 3.913 Thread 0x0000000017d6d000 1459       3       java.util.concurrent.locks.AbstractOwnableSynchronizer::<init> (5 bytes)
Event: 3.913 Thread 0x0000000017d6d000 nmethod 1459 0x0000000003809e10 code [0x0000000003809f60, 0x000000000380a110]
Event: 3.914 Thread 0x0000000017d6d000 1460       3       org.gradle.internal.service.DefaultServiceRegistry$SingletonService::get (5 bytes)
Event: 3.914 Thread 0x0000000017d6d000 nmethod 1460 0x000000000380a1d0 code [0x000000000380a340, 0x000000000380a548]
Event: 3.914 Thread 0x0000000017d6d000 1461   !   3       org.gradle.internal.service.DefaultServiceRegistry$ManagedObjectServiceProvider::getInstance (81 bytes)
Event: 3.915 Thread 0x0000000017d6d000 nmethod 1461 0x000000000380a5d0 code [0x000000000380a740, 0x000000000380aba8]
Event: 3.916 Thread 0x0000000017d6d000 1462   !   3       org.gradle.internal.classloader.TransformingClassLoader::findClass (203 bytes)

GC Heap History (6 events):
Event: 0.903 GC heap before
{Heap before GC invocations=1 (full 0):
 PSYoungGen      total 38400K, used 33280K [0x00000000eab00000, 0x00000000ed580000, 0x0000000100000000)
  eden space 33280K, 100% used [0x00000000eab00000,0x00000000ecb80000,0x00000000ecb80000)
  from space 5120K, 0% used [0x00000000ed080000,0x00000000ed080000,0x00000000ed580000)
  to   space 5120K, 0% used [0x00000000ecb80000,0x00000000ecb80000,0x00000000ed080000)
 ParOldGen       total 87552K, used 0K [0x00000000c0000000, 0x00000000c5580000, 0x00000000eab00000)
  object space 87552K, 0% used [0x00000000c0000000,0x00000000c0000000,0x00000000c5580000)
 Metaspace       used 6643K, capacity 6766K, committed 7040K, reserved 1056768K
  class space    used 808K, capacity 875K, committed 896K, reserved 1048576K
Event: 0.914 GC heap after
Heap after GC invocations=1 (full 0):
 PSYoungGen      total 38400K, used 4151K [0x00000000eab00000, 0x00000000ef600000, 0x0000000100000000)
  eden space 33280K, 0% used [0x00000000eab00000,0x00000000eab00000,0x00000000ecb80000)
  from space 5120K, 81% used [0x00000000ecb80000,0x00000000ecf8de70,0x00000000ed080000)
  to   space 5120K, 0% used [0x00000000ef100000,0x00000000ef100000,0x00000000ef600000)
 ParOldGen       total 87552K, used 8K [0x00000000c0000000, 0x00000000c5580000, 0x00000000eab00000)
  object space 87552K, 0% used [0x00000000c0000000,0x00000000c0002000,0x00000000c5580000)
 Metaspace       used 6643K, capacity 6766K, committed 7040K, reserved 1056768K
  class space    used 808K, capacity 875K, committed 896K, reserved 1048576K
}
Event: 3.304 GC heap before
{Heap before GC invocations=2 (full 0):
 PSYoungGen      total 38400K, used 37431K [0x00000000eab00000, 0x00000000ef600000, 0x0000000100000000)
  eden space 33280K, 100% used [0x00000000eab00000,0x00000000ecb80000,0x00000000ecb80000)
  from space 5120K, 81% used [0x00000000ecb80000,0x00000000ecf8de70,0x00000000ed080000)
  to   space 5120K, 0% used [0x00000000ef100000,0x00000000ef100000,0x00000000ef600000)
 ParOldGen       total 87552K, used 8K [0x00000000c0000000, 0x00000000c5580000, 0x00000000eab00000)
  object space 87552K, 0% used [0x00000000c0000000,0x00000000c0002000,0x00000000c5580000)
 Metaspace       used 10827K, capacity 11016K, committed 11264K, reserved 1058816K
  class space    used 1416K, capacity 1518K, committed 1536K, reserved 1048576K
Event: 3.313 GC heap after
Heap after GC invocations=2 (full 0):
 PSYoungGen      total 38400K, used 5096K [0x00000000eab00000, 0x00000000ef600000, 0x0000000100000000)
  eden space 33280K, 0% used [0x00000000eab00000,0x00000000eab00000,0x00000000ecb80000)
  from space 5120K, 99% used [0x00000000ef100000,0x00000000ef5fa218,0x00000000ef600000)
  to   space 5120K, 0% used [0x00000000ecb80000,0x00000000ecb80000,0x00000000ed080000)
 ParOldGen       total 87552K, used 275K [0x00000000c0000000, 0x00000000c5580000, 0x00000000eab00000)
  object space 87552K, 0% used [0x00000000c0000000,0x00000000c0044c50,0x00000000c5580000)
 Metaspace       used 10827K, capacity 11016K, committed 11264K, reserved 1058816K
  class space    used 1416K, capacity 1518K, committed 1536K, reserved 1048576K
}
Event: 3.754 GC heap before
{Heap before GC invocations=3 (full 0):
 PSYoungGen      total 38400K, used 38376K [0x00000000eab00000, 0x00000000ef600000, 0x0000000100000000)
  eden space 33280K, 100% used [0x00000000eab00000,0x00000000ecb80000,0x00000000ecb80000)
  from space 5120K, 99% used [0x00000000ef100000,0x00000000ef5fa218,0x00000000ef600000)
  to   space 5120K, 0% used [0x00000000ecb80000,0x00000000ecb80000,0x00000000ed080000)
 ParOldGen       total 87552K, used 275K [0x00000000c0000000, 0x00000000c5580000, 0x00000000eab00000)
  object space 87552K, 0% used [0x00000000c0000000,0x00000000c0044c50,0x00000000c5580000)
 Metaspace       used 14120K, capacity 14428K, committed 14720K, reserved 1062912K
  class space    used 1976K, capacity 2092K, committed 2176K, reserved 1048576K
Event: 3.763 GC heap after
Heap after GC invocations=3 (full 0):
 PSYoungGen      total 38400K, used 5107K [0x00000000eab00000, 0x00000000ef600000, 0x0000000100000000)
  eden space 33280K, 0% used [0x00000000eab00000,0x00000000eab00000,0x00000000ecb80000)
  from space 5120K, 99% used [0x00000000ecb80000,0x00000000ed07ce78,0x00000000ed080000)
  to   space 5120K, 0% used [0x00000000ef100000,0x00000000ef100000,0x00000000ef600000)
 ParOldGen       total 87552K, used 2254K [0x00000000c0000000, 0x00000000c5580000, 0x00000000eab00000)
  object space 87552K, 2% used [0x00000000c0000000,0x00000000c0233850,0x00000000c5580000)
 Metaspace       used 14120K, capacity 14428K, committed 14720K, reserved 1062912K
  class space    used 1976K, capacity 2092K, committed 2176K, reserved 1048576K
}

Deoptimization events (10 events):
Event: 2.447 Thread 0x000000000313e800 Uncommon trap: reason=unstable_if action=reinterpret pc=0x00000000035efdc4 method=java.io.WinNTFileSystem.normalize(Ljava/lang/String;)Ljava/lang/String; @ 128
Event: 2.447 Thread 0x000000000313e800 Uncommon trap: reason=unstable_if action=reinterpret pc=0x0000000003660db0 method=java.io.WinNTFileSystem.normalize(Ljava/lang/String;II)Ljava/lang/String; @ 90
Event: 3.368 Thread 0x0000000019cdb000 Uncommon trap: reason=unstable_if action=reinterpret pc=0x000000000373253c method=java.util.concurrent.ConcurrentHashMap.putVal(Ljava/lang/Object;Ljava/lang/Object;Z)Ljava/lang/Object; @ 206
Event: 3.436 Thread 0x0000000019ceb800 Uncommon trap: reason=bimorphic action=maybe_recompile pc=0x0000000003668858 method=java.util.HashMap.putVal(ILjava/lang/Object;Ljava/lang/Object;ZZ)Ljava/lang/Object; @ 253
Event: 3.436 Thread 0x0000000019ceb800 Uncommon trap: reason=bimorphic action=maybe_recompile pc=0x0000000003668858 method=java.util.HashMap.putVal(ILjava/lang/Object;Ljava/lang/Object;ZZ)Ljava/lang/Object; @ 253
Event: 3.436 Thread 0x0000000019ceb800 Uncommon trap: reason=bimorphic action=maybe_recompile pc=0x0000000003668858 method=java.util.HashMap.putVal(ILjava/lang/Object;Ljava/lang/Object;ZZ)Ljava/lang/Object; @ 253
Event: 3.684 Thread 0x0000000019ceb800 Uncommon trap: reason=class_check action=maybe_recompile pc=0x00000000035ece44 method=java.util.regex.Matcher.match(II)Z @ 86
Event: 3.684 Thread 0x0000000019ceb800 Uncommon trap: reason=class_check action=maybe_recompile pc=0x00000000035ece44 method=java.util.regex.Matcher.match(II)Z @ 86
Event: 3.733 Thread 0x0000000019ceb800 Uncommon trap: reason=class_check action=maybe_recompile pc=0x00000000035b159c method=java.util.regex.Matcher.match(II)Z @ 86
Event: 3.801 Thread 0x0000000019ceb800 Uncommon trap: reason=unstable_if action=reinterpret pc=0x00000000037ad734 method=java.lang.String.lastIndexOf([CII[CIII)I @ 66

Classes redefined (0 events):
No events

Internal exceptions (10 events):
Event: 3.385 Thread 0x0000000019cdb000 Exception <a 'java/lang/NoSuchMethodError': <clinit>> (0x00000000eade6b60) thrown at [D:\src\AOSP-openjdk-cygwin\jdk8u\hotspot\src\share\vm\prims\jni.cpp, line 1613]
Event: 3.386 Thread 0x0000000019cdb000 Exception <a 'java/lang/NoSuchMethodError': <clinit>> (0x00000000eadf8250) thrown at [D:\src\AOSP-openjdk-cygwin\jdk8u\hotspot\src\share\vm\prims\jni.cpp, line 1613]
Event: 3.396 Thread 0x0000000019cdb000 Exception <a 'java/lang/NoSuchMethodError': <clinit>> (0x00000000eae6c538) thrown at [D:\src\AOSP-openjdk-cygwin\jdk8u\hotspot\src\share\vm\prims\jni.cpp, line 1613]
Event: 3.399 Thread 0x0000000019cdb000 Exception <a 'java/lang/NoSuchMethodError': <clinit>> (0x00000000eae917e8) thrown at [D:\src\AOSP-openjdk-cygwin\jdk8u\hotspot\src\share\vm\prims\jni.cpp, line 1613]
Event: 3.402 Thread 0x0000000019cdb000 Exception <a 'java/lang/NoSuchMethodError': <clinit>> (0x00000000eaebd348) thrown at [D:\src\AOSP-openjdk-cygwin\jdk8u\hotspot\src\share\vm\prims\jni.cpp, line 1613]
Event: 3.403 Thread 0x0000000019cdb000 Exception <a 'java/lang/NoSuchMethodError': <clinit>> (0x00000000eaec86e8) thrown at [D:\src\AOSP-openjdk-cygwin\jdk8u\hotspot\src\share\vm\prims\jni.cpp, line 1613]
Event: 3.404 Thread 0x0000000019cdb000 Exception <a 'java/lang/NoSuchMethodError': <clinit>> (0x00000000eaed4008) thrown at [D:\src\AOSP-openjdk-cygwin\jdk8u\hotspot\src\share\vm\prims\jni.cpp, line 1613]
Event: 3.406 Thread 0x0000000019cdb000 Exception <a 'java/lang/NoSuchMethodError': <clinit>> (0x00000000eaef76d8) thrown at [D:\src\AOSP-openjdk-cygwin\jdk8u\hotspot\src\share\vm\prims\jni.cpp, line 1613]
Event: 3.424 Thread 0x0000000019ceb800 Exception <a 'java/lang/NoSuchMethodError': <clinit>> (0x00000000eb05fee0) thrown at [D:\src\AOSP-openjdk-cygwin\jdk8u\hotspot\src\share\vm\prims\jni.cpp, line 1613]
Event: 3.425 Thread 0x0000000019ceb800 Exception <a 'java/lang/NoSuchMethodError': <clinit>> (0x00000000eb068168) thrown at [D:\src\AOSP-openjdk-cygwin\jdk8u\hotspot\src\share\vm\prims\jni.cpp, line 1613]

Events (10 events):
Event: 3.914 loading class org/gradle/plugin/use/resolve/internal/PluginResolution
Event: 3.914 loading class org/gradle/plugin/use/resolve/internal/PluginResolution done
Event: 3.915 loading class org/gradle/api/internal/initialization/DefaultClassLoaderScope
Event: 3.915 loading class org/gradle/api/internal/initialization/DefaultClassLoaderScope done
Event: 3.915 loading class org/gradle/internal/classloader/MultiParentClassLoader
Event: 3.915 loading class org/gradle/internal/classloader/MultiParentClassLoader done
Event: 3.916 loading class org/gradle/api/internal/artifacts/ivyservice/ivyresolve/strategy/DefaultVersionComparator
Event: 3.916 loading class org/gradle/api/internal/artifacts/ivyservice/ivyresolve/strategy/DefaultVersionComparator done
Event: 3.917 loading class org/gradle/api/internal/artifacts/ivyservice/ivyresolve/strategy/StaticVersionComparator
Event: 3.917 loading class org/gradle/api/internal/artifacts/ivyservice/ivyresolve/strategy/StaticVersionComparator done


Dynamic libraries:
0x00007ff786e90000 - 0x00007ff786ec1000 	C:\Program Files\Android\Android Studio\jre\bin\java.exe
0x00007ff82ef30000 - 0x00007ff82f111000 	C:\WINDOWS\SYSTEM32\ntdll.dll
0x00007ff82c3f0000 - 0x00007ff82c4a1000 	C:\WINDOWS\System32\KERNEL32.DLL
0x00007ff82b2d0000 - 0x00007ff82b543000 	C:\WINDOWS\System32\KERNELBASE.dll
0x00007ff82c610000 - 0x00007ff82c6b1000 	C:\WINDOWS\System32\ADVAPI32.dll
0x00007ff82d1b0000 - 0x00007ff82d24e000 	C:\WINDOWS\System32\msvcrt.dll
0x00007ff82c5b0000 - 0x00007ff82c60b000 	C:\WINDOWS\System32\sechost.dll
0x00007ff82ece0000 - 0x00007ff82ee04000 	C:\WINDOWS\System32\RPCRT4.dll
0x00007ff82d700000 - 0x00007ff82d890000 	C:\WINDOWS\System32\USER32.dll
0x00007ff82c1d0000 - 0x00007ff82c1f0000 	C:\WINDOWS\System32\win32u.dll
0x00007ff82c580000 - 0x00007ff82c5a8000 	C:\WINDOWS\System32\GDI32.dll
0x00007ff82c1f0000 - 0x00007ff82c381000 	C:\WINDOWS\System32\gdi32full.dll
0x00007ff82b5a0000 - 0x00007ff82b63f000 	C:\WINDOWS\System32\msvcp_win.dll
0x00007ff82bff0000 - 0x00007ff82c0e8000 	C:\WINDOWS\System32\ucrtbase.dll
0x00007ff80e500000 - 0x00007ff80e769000 	C:\WINDOWS\WinSxS\amd64_microsoft.windows.common-controls_6595b64144ccf1df_6.0.17134.829_none_fb46a5473061b9d5\COMCTL32.dll
0x00007ff82d250000 - 0x00007ff82d572000 	C:\WINDOWS\System32\combase.dll
0x00007ff82c0f0000 - 0x00007ff82c16a000 	C:\WINDOWS\System32\bcryptPrimitives.dll
0x00007ff82c6c0000 - 0x00007ff82c6ed000 	C:\WINDOWS\System32\IMM32.DLL
0x000000005dc60000 - 0x000000005dd32000 	C:\Program Files\Android\Android Studio\jre\jre\bin\msvcr100.dll
0x000000005a450000 - 0x000000005ac91000 	C:\Program Files\Android\Android Studio\jre\jre\bin\server\jvm.dll
0x00007ff82eec0000 - 0x00007ff82eec8000 	C:\WINDOWS\System32\PSAPI.DLL
0x00007ff820720000 - 0x00007ff820743000 	C:\WINDOWS\SYSTEM32\WINMM.dll
0x00007ff8249a0000 - 0x00007ff8249aa000 	C:\WINDOWS\SYSTEM32\VERSION.dll
0x00007ff8180a0000 - 0x00007ff8180a9000 	C:\WINDOWS\SYSTEM32\WSOCK32.dll
0x00007ff82d690000 - 0x00007ff82d6fc000 	C:\WINDOWS\System32\WS2_32.dll
0x00007ff8206f0000 - 0x00007ff82071a000 	C:\WINDOWS\SYSTEM32\WINMMBASE.dll
0x00007ff82b550000 - 0x00007ff82b599000 	C:\WINDOWS\System32\cfgmgr32.dll
0x00007ff8257d0000 - 0x00007ff8257df000 	C:\Program Files\Android\Android Studio\jre\jre\bin\verify.dll
0x00007ff824f80000 - 0x00007ff824fa9000 	C:\Program Files\Android\Android Studio\jre\jre\bin\java.dll
0x00007ff8256a0000 - 0x00007ff8256b6000 	C:\Program Files\Android\Android Studio\jre\jre\bin\zip.dll
0x00007ff82d8a0000 - 0x00007ff82ece0000 	C:\WINDOWS\System32\SHELL32.dll
0x00007ff82ee10000 - 0x00007ff82eeb9000 	C:\WINDOWS\System32\shcore.dll
0x00007ff82b6f0000 - 0x00007ff82bdfd000 	C:\WINDOWS\System32\windows.storage.dll
0x00007ff82d150000 - 0x00007ff82d1a1000 	C:\WINDOWS\System32\shlwapi.dll
0x00007ff82b2b0000 - 0x00007ff82b2c1000 	C:\WINDOWS\System32\kernel.appcore.dll
0x00007ff82b290000 - 0x00007ff82b2af000 	C:\WINDOWS\System32\profapi.dll
0x00007ff82b220000 - 0x00007ff82b26c000 	C:\WINDOWS\System32\powrprof.dll
0x00007ff82b210000 - 0x00007ff82b21a000 	C:\WINDOWS\System32\FLTLIB.DLL
0x00007ff8250a0000 - 0x00007ff8250ba000 	C:\Program Files\Android\Android Studio\jre\jre\bin\net.dll
0x00007ff82aa90000 - 0x00007ff82aaf6000 	C:\WINDOWS\system32\mswsock.dll
0x00007ff820440000 - 0x00007ff820451000 	C:\Program Files\Android\Android Studio\jre\jre\bin\nio.dll
0x00007ff822890000 - 0x00007ff8228ae000 	C:\Users\ni.guliyev\.gradle\native\25\windows-amd64\native-platform.dll
0x00007ff825760000 - 0x00007ff82576d000 	C:\Program Files\Android\Android Studio\jre\jre\bin\management.dll
0x00007ff82ac40000 - 0x00007ff82ac57000 	C:\WINDOWS\SYSTEM32\CRYPTSP.dll
0x00007ff82a680000 - 0x00007ff82a6b3000 	C:\WINDOWS\system32\rsaenh.dll
0x00007ff82ad70000 - 0x00007ff82ad95000 	C:\WINDOWS\SYSTEM32\bcrypt.dll
0x00007ff82b110000 - 0x00007ff82b138000 	C:\WINDOWS\SYSTEM32\USERENV.dll
0x00007ff82ac60000 - 0x00007ff82ac6b000 	C:\WINDOWS\SYSTEM32\CRYPTBASE.dll
0x00007ff82a820000 - 0x00007ff82a858000 	C:\WINDOWS\SYSTEM32\IPHLPAPI.DLL
0x00007ff82d140000 - 0x00007ff82d148000 	C:\WINDOWS\System32\NSI.dll
0x00007ff8265a0000 - 0x00007ff8265b6000 	C:\WINDOWS\SYSTEM32\dhcpcsvc6.DLL
0x00007ff826050000 - 0x00007ff82606a000 	C:\WINDOWS\SYSTEM32\dhcpcsvc.DLL

VM Arguments:
jvm_args: -Xmx1024m -Dfile.encoding=windows-1252 -Duser.country=US -Duser.language=en -Duser.variant 
java_command: org.gradle.launcher.daemon.bootstrap.GradleDaemon 4.6
java_class_path (initial): C:\Users\ni.guliyev\.gradle\wrapper\dists\gradle-4.6-all\bcst21l2brirad8k2ben1letg\gradle-4.6\lib\gradle-launcher-4.6.jar
Launcher Type: SUN_STANDARD

Environment Variables:
PATH=C:\Program Files (x86)\Common Files\Oracle\Java\javapath;C:\WINDOWS\system32;C:\WINDOWS;C:\WINDOWS\System32\Wbem;C:\WINDOWS\System32\WindowsPowerShell\v1.0\;C:\Program Files\dotnet\;C:\Program Files\Microsoft SQL Server\130\Tools\Binn\;C:\Program Files\Microsoft SQL Server\Client SDK\ODBC\130\Tools\Binn\;C:\Program Files (x86)\Microsoft SQL Server\140\Tools\Binn\;C:\Program Files\Microsoft SQL Server\140\Tools\Binn\;C:\Program Files\Microsoft SQL Server\140\DTS\Binn\;C:\Program Files (x86)\Microsoft SQL Server\Client SDK\ODBC\130\Tools\Binn\;C:\Program Files (x86)\Microsoft SQL Server\140\DTS\Binn\;C:\Program Files (x86)\Microsoft SQL Server\140\Tools\Binn\ManagementStudio\;C:\WINDOWS\System32\OpenSSH\;C:\opt\apache-maven-3.6.0\bin;C:\Program Files\Java\jdk-11.0.1\bin;C:\Users\ni.guliyev\AppData\Local\Programs\Microsoft VS Code\bin;C:\Users\ni.guliyev\.android;;%USERPROFILE%\AppData\Local\Microsoft\WindowsApps
USERNAME=ni.guliyev
OS=Windows_NT
PROCESSOR_IDENTIFIER=Intel64 Family 6 Model 142 Stepping 10, GenuineIntel



---------------  S Y S T E M  ---------------

OS: Windows 10.0 , 64 bit Build 17134 (10.0.17134.753)

CPU:total 8 (initial active 8) (4 cores per cpu, 2 threads per core) family 6 model 142 stepping 10, cmov, cx8, fxsr, mmx, sse, sse2, sse3, ssse3, sse4.1, sse4.2, popcnt, avx, avx2, aes, clmul, erms, 3dnowpref, lzcnt, ht, tsc, tscinvbit, bmi1, bmi2, adx

Memory: 4k page, physical 8281300k(1364452k free), swap 33447124k(5168k free)

vm_info: OpenJDK 64-Bit Server VM (25.152-b06) for windows-amd64 JRE (1.8.0_152-release-1136-b06), built by "builder" with MS VC++ 10.0 (VS2010)

time: Wed Aug 14 10:41:59 2019
elapsed time: 3 seconds (0d 0h 0m 3s)

