#
# There is insufficient memory for the Java Runtime Environment to continue.
# Native memory allocation (malloc) failed to allocate 1144496 bytes for Chunk::new
# Possible reasons:
#   The system is out of physical RAM or swap space
#   In 32 bit mode, the process size limit was hit
# Possible solutions:
#   Reduce memory load on the system
#   Increase physical memory or swap space
#   Check if swap backing store is full
#   Use 64 bit Java on a 64 bit OS
#   Decrease Java heap size (-Xmx/-Xms)
#   Decrease number of Java threads
#   Decrease Java thread stack sizes (-Xss)
#   Set larger code cache with -XX:ReservedCodeCacheSize=
# This output file may be truncated or incomplete.
#
#  Out of Memory Error (allocation.cpp:390), pid=106240, tid=0x0000000000016098
#
# JRE version: OpenJDK Runtime Environment (8.0_152-b06) (build 1.8.0_152-release-1136-b06)
# Java VM: OpenJDK 64-Bit Server VM (25.152-b06 mixed mode windows-amd64 compressed oops)
# Failed to write core dump. Minidumps are not enabled by default on client versions of Windows
#

---------------  T H R E A D  ---------------

Current thread (0x00000000171fe800):  JavaThread "C2 CompilerThread2" daemon [_thread_in_native, id=90264, stack(0x00000000199d0000,0x0000000019ad0000)]

Stack: [0x00000000199d0000,0x0000000019ad0000]
[error occurred during error reporting (printing stack bounds), id 0xc0000005]

Native frames: (J=compiled Java code, j=interpreted, Vv=VM code, C=native code)


Current CompileTask:
C2:   7053 2857       4       java.util.Arrays::binarySearch0 (95 bytes)


---------------  P R O C E S S  ---------------

Java Threads: ( => current thread )
  0x000000001df12800 JavaThread "Build operations Thread 8" [_thread_blocked, id=147708, stack(0x0000000023050000,0x0000000023150000)]
  0x000000001df0c000 JavaThread "Build operations Thread 7" [_thread_blocked, id=158076, stack(0x0000000022f50000,0x0000000023050000)]
  0x000000001df11000 JavaThread "Build operations Thread 6" [_thread_blocked, id=152972, stack(0x0000000022e50000,0x0000000022f50000)]
  0x000000001df10800 JavaThread "Build operations Thread 5" [_thread_blocked, id=137856, stack(0x0000000022ae0000,0x0000000022be0000)]
  0x000000001df0f000 JavaThread "Build operations Thread 4" [_thread_blocked, id=166528, stack(0x00000000229e0000,0x0000000022ae0000)]
  0x0000000019113800 JavaThread "Build operations Thread 3" [_thread_blocked, id=73956, stack(0x00000000228e0000,0x00000000229e0000)]
  0x0000000019112800 JavaThread "Build operations Thread 2" [_thread_blocked, id=406624, stack(0x0000000020840000,0x0000000020940000)]
  0x000000001910e000 JavaThread "Build operations" [_thread_blocked, id=132480, stack(0x0000000020740000,0x0000000020840000)]
  0x0000000019115000 JavaThread "Cache worker for Artifact transforms cache (C:\Users\ni.guliyev\.gradle\caches\transforms-1)" [_thread_blocked, id=533776, stack(0x0000000020440000,0x0000000020540000)]
  0x000000001cfad000 JavaThread "Cache worker for file hash cache (C:\Users\ni.guliyev\Desktop\Terminal\.gradle\4.6\fileHashes)" [_thread_blocked, id=23872, stack(0x000000001eac0000,0x000000001ebc0000)]
  0x000000001c928000 JavaThread "File lock request listener" [_thread_in_native, id=166956, stack(0x000000001d9f0000,0x000000001daf0000)]
  0x000000001b0e3800 JavaThread "Cache worker for file hash cache (C:\Users\ni.guliyev\.gradle\caches\4.6\fileHashes)" [_thread_blocked, id=85736, stack(0x000000001d8f0000,0x000000001d9f0000)]
  0x000000001afcf000 JavaThread "Stdin handler" [_thread_blocked, id=61836, stack(0x000000001c520000,0x000000001c620000)]
  0x000000001afce000 JavaThread "Asynchronous log dispatcher for DefaultDaemonConnection: socket connection from /127.0.0.1:53701 to /127.0.0.1:53702" [_thread_blocked, id=509956, stack(0x000000001c420000,0x000000001c520000)]
  0x000000001afec800 JavaThread "Daemon worker" [_thread_in_vm, id=27272, stack(0x000000001c320000,0x000000001c420000)]
  0x000000001afeb000 JavaThread "Cancel handler" [_thread_blocked, id=159952, stack(0x000000001c220000,0x000000001c320000)]
  0x000000001ae6a800 JavaThread "Handler for socket connection from /127.0.0.1:53701 to /127.0.0.1:53702" [_thread_in_native, id=136908, stack(0x000000001bf20000,0x000000001c020000)]
  0x000000001ae17800 JavaThread "Daemon" [_thread_blocked, id=123048, stack(0x000000001be20000,0x000000001bf20000)]
  0x000000001ae03800 JavaThread "Daemon periodic checks" [_thread_blocked, id=145916, stack(0x000000001bd20000,0x000000001be20000)]
  0x000000001af13800 JavaThread "Incoming local TCP Connector on port 53701" [_thread_in_native, id=79288, stack(0x000000001bae0000,0x000000001bbe0000)]
  0x0000000019197800 JavaThread "Service Thread" daemon [_thread_blocked, id=141744, stack(0x0000000019bd0000,0x0000000019cd0000)]
  0x0000000019112000 JavaThread "C1 CompilerThread3" daemon [_thread_blocked, id=100800, stack(0x0000000019ad0000,0x0000000019bd0000)]
=>0x00000000171fe800 JavaThread "C2 CompilerThread2" daemon [_thread_in_native, id=90264, stack(0x00000000199d0000,0x0000000019ad0000)]
  0x0000000019104000 JavaThread "C2 CompilerThread1" daemon [_thread_in_native, id=130044, stack(0x00000000198d0000,0x00000000199d0000)]
  0x0000000019101000 JavaThread "C2 CompilerThread0" daemon [_thread_in_native, id=111404, stack(0x00000000197d0000,0x00000000198d0000)]
  0x00000000190fc000 JavaThread "Attach Listener" daemon [_thread_blocked, id=122336, stack(0x00000000196d0000,0x00000000197d0000)]
  0x00000000190f9000 JavaThread "Signal Dispatcher" daemon [_thread_blocked, id=62020, stack(0x00000000195d0000,0x00000000196d0000)]
  0x00000000171f1000 JavaThread "Finalizer" daemon [_thread_blocked, id=121780, stack(0x00000000194d0000,0x00000000195d0000)]
  0x0000000003427000 JavaThread "Reference Handler" daemon [_thread_blocked, id=67656, stack(0x0000000018fd0000,0x00000000190d0000)]
  0x000000000322e800 JavaThread "main" [_thread_blocked, id=131948, stack(0x0000000003230000,0x0000000003330000)]

Other Threads:
  0x00000000171e6800 VMThread [stack: 0x0000000018ed0000,0x0000000018fd0000] [id=147052]
  0x0000000019198800 WatcherThread [stack: 0x0000000019cd0000,0x0000000019dd0000] [id=544912]

VM state:not at safepoint (normal execution)

VM Mutex/Monitor currently owned by a thread: None

Heap:
 PSYoungGen      total 59904K, used 35521K [0x00000000e0000000, 0x00000000e4480000, 0x0000000100000000)
  eden space 50688K, 58% used [0x00000000e0000000,0x00000000e1cebf80,0x00000000e3180000)
  from space 9216K, 64% used [0x00000000e3b80000,0x00000000e41444f0,0x00000000e4480000)
  to   space 9728K, 0% used [0x00000000e3180000,0x00000000e3180000,0x00000000e3b00000)
 ParOldGen       total 60928K, used 8328K [0x00000000a0000000, 0x00000000a3b80000, 0x00000000e0000000)
  object space 60928K, 13% used [0x00000000a0000000,0x00000000a08221e8,0x00000000a3b80000)
 Metaspace       used 29934K, capacity 30404K, committed 30464K, reserved 1075200K
  class space    used 4180K, capacity 4323K, committed 4352K, reserved 1048576K

Card table byte_map: [0x00000000127f0000,0x0000000012b00000] byte_map_base: 0x00000000122f0000

Marking Bits: (ParMarkBitMap*) 0x000000005de45aa0
 Begin Bits: [0x0000000013500000, 0x0000000014d00000)
 End Bits:   [0x0000000014d00000, 0x0000000016500000)

Polling page: 0x00000000018f0000

CodeCache: size=245760Kb used=9095Kb max_used=9600Kb free=236664Kb
 bounds [0x0000000003430000, 0x0000000003da0000, 0x0000000012430000]
 total_blobs=3232 nmethods=2563 adapters=582
 compilation: enabled

Compilation events (10 events):
Event: 7.039 Thread 0x0000000019112000 2903   !   3       org.gradle.launcher.daemon.server.SynchronizedDispatchConnection::dispatch (98 bytes)
Event: 7.040 Thread 0x0000000019112000 nmethod 2903 0x0000000003593050 code [0x00000000035932a0, 0x0000000003594348]
Event: 7.040 Thread 0x0000000019112000 2904   !   3       org.gradle.internal.remote.internal.inet.SocketConnection::dispatch (134 bytes)
Event: 7.043 Thread 0x0000000019112000 nmethod 2904 0x0000000003743cd0 code [0x0000000003744200, 0x0000000003747908]
Event: 7.043 Thread 0x0000000019112000 2905       3       org.gradle.internal.serialize.Serializers$StatefulSerializerAdapter$2::write (18 bytes)
Event: 7.043 Thread 0x0000000019112000 nmethod 2905 0x0000000003592b90 code [0x0000000003592d00, 0x0000000003592f48]
Event: 7.045 Thread 0x0000000019112000 2906       3       java.lang.reflect.WeakCache::expungeStaleEntries (31 bytes)
Event: 7.046 Thread 0x0000000019112000 nmethod 2906 0x0000000003743250 code [0x0000000003743400, 0x0000000003743ab8]
Event: 7.046 Thread 0x0000000019112000 2907       3       java.util.Collections::addAll (43 bytes)
Event: 7.046 Thread 0x0000000019112000 nmethod 2907 0x00000000039c0a50 code [0x00000000039c0bc0, 0x00000000039c0ec8]

GC Heap History (10 events):
Event: 4.425 GC heap before
{Heap before GC invocations=5 (full 0):
 PSYoungGen      total 38400K, used 24280K [0x00000000e0000000, 0x00000000e2a80000, 0x0000000100000000)
  eden space 33280K, 57% used [0x00000000e0000000,0x00000000e12be2e8,0x00000000e2080000)
  from space 5120K, 99% used [0x00000000e2580000,0x00000000e2a78040,0x00000000e2a80000)
  to   space 5120K, 0% used [0x00000000e2080000,0x00000000e2080000,0x00000000e2580000)
 ParOldGen       total 87552K, used 5211K [0x00000000a0000000, 0x00000000a5580000, 0x00000000e0000000)
  object space 87552K, 5% used [0x00000000a0000000,0x00000000a0516ed8,0x00000000a5580000)
 Metaspace       used 20837K, capacity 21244K, committed 21248K, reserved 1067008K
  class space    used 2919K, capacity 3072K, committed 3072K, reserved 1048576K
Event: 4.438 GC heap after
Heap after GC invocations=5 (full 0):
 PSYoungGen      total 38400K, used 5092K [0x00000000e0000000, 0x00000000e2a80000, 0x0000000100000000)
  eden space 33280K, 0% used [0x00000000e0000000,0x00000000e0000000,0x00000000e2080000)
  from space 5120K, 99% used [0x00000000e2080000,0x00000000e2579070,0x00000000e2580000)
  to   space 5120K, 0% used [0x00000000e2580000,0x00000000e2580000,0x00000000e2a80000)
 ParOldGen       total 87552K, used 8242K [0x00000000a0000000, 0x00000000a5580000, 0x00000000e0000000)
  object space 87552K, 9% used [0x00000000a0000000,0x00000000a080cad8,0x00000000a5580000)
 Metaspace       used 20837K, capacity 21244K, committed 21248K, reserved 1067008K
  class space    used 2919K, capacity 3072K, committed 3072K, reserved 1048576K
}
Event: 4.438 GC heap before
{Heap before GC invocations=6 (full 1):
 PSYoungGen      total 38400K, used 5092K [0x00000000e0000000, 0x00000000e2a80000, 0x0000000100000000)
  eden space 33280K, 0% used [0x00000000e0000000,0x00000000e0000000,0x00000000e2080000)
  from space 5120K, 99% used [0x00000000e2080000,0x00000000e2579070,0x00000000e2580000)
  to   space 5120K, 0% used [0x00000000e2580000,0x00000000e2580000,0x00000000e2a80000)
 ParOldGen       total 87552K, used 8242K [0x00000000a0000000, 0x00000000a5580000, 0x00000000e0000000)
  object space 87552K, 9% used [0x00000000a0000000,0x00000000a080cad8,0x00000000a5580000)
 Metaspace       used 20837K, capacity 21244K, committed 21248K, reserved 1067008K
  class space    used 2919K, capacity 3072K, committed 3072K, reserved 1048576K
Event: 4.492 GC heap after
Heap after GC invocations=6 (full 1):
 PSYoungGen      total 38400K, used 0K [0x00000000e0000000, 0x00000000e2a80000, 0x0000000100000000)
  eden space 33280K, 0% used [0x00000000e0000000,0x00000000e0000000,0x00000000e2080000)
  from space 5120K, 0% used [0x00000000e2080000,0x00000000e2080000,0x00000000e2580000)
  to   space 5120K, 0% used [0x00000000e2580000,0x00000000e2580000,0x00000000e2a80000)
 ParOldGen       total 60928K, used 8304K [0x00000000a0000000, 0x00000000a3b80000, 0x00000000e0000000)
  object space 60928K, 13% used [0x00000000a0000000,0x00000000a081c1e8,0x00000000a3b80000)
 Metaspace       used 20837K, capacity 21244K, committed 21248K, reserved 1067008K
  class space    used 2919K, capacity 3072K, committed 3072K, reserved 1048576K
}
Event: 5.102 GC heap before
{Heap before GC invocations=7 (full 1):
 PSYoungGen      total 38400K, used 33280K [0x00000000e0000000, 0x00000000e2a80000, 0x0000000100000000)
  eden space 33280K, 100% used [0x00000000e0000000,0x00000000e2080000,0x00000000e2080000)
  from space 5120K, 0% used [0x00000000e2080000,0x00000000e2080000,0x00000000e2580000)
  to   space 5120K, 0% used [0x00000000e2580000,0x00000000e2580000,0x00000000e2a80000)
 ParOldGen       total 60928K, used 8304K [0x00000000a0000000, 0x00000000a3b80000, 0x00000000e0000000)
  object space 60928K, 13% used [0x00000000a0000000,0x00000000a081c1e8,0x00000000a3b80000)
 Metaspace       used 23995K, capacity 24492K, committed 24832K, reserved 1071104K
  class space    used 3299K, capacity 3465K, committed 3584K, reserved 1048576K
Event: 5.107 GC heap after
Heap after GC invocations=7 (full 1):
 PSYoungGen      total 38400K, used 3927K [0x00000000e0000000, 0x00000000e2a80000, 0x0000000100000000)
  eden space 33280K, 0% used [0x00000000e0000000,0x00000000e0000000,0x00000000e2080000)
  from space 5120K, 76% used [0x00000000e2580000,0x00000000e2955f60,0x00000000e2a80000)
  to   space 5120K, 0% used [0x00000000e2080000,0x00000000e2080000,0x00000000e2580000)
 ParOldGen       total 60928K, used 8312K [0x00000000a0000000, 0x00000000a3b80000, 0x00000000e0000000)
  object space 60928K, 13% used [0x00000000a0000000,0x00000000a081e1e8,0x00000000a3b80000)
 Metaspace       used 23995K, capacity 24492K, committed 24832K, reserved 1071104K
  class space    used 3299K, capacity 3465K, committed 3584K, reserved 1048576K
}
Event: 5.764 GC heap before
{Heap before GC invocations=8 (full 1):
 PSYoungGen      total 38400K, used 37207K [0x00000000e0000000, 0x00000000e2a80000, 0x0000000100000000)
  eden space 33280K, 100% used [0x00000000e0000000,0x00000000e2080000,0x00000000e2080000)
  from space 5120K, 76% used [0x00000000e2580000,0x00000000e2955f60,0x00000000e2a80000)
  to   space 5120K, 0% used [0x00000000e2080000,0x00000000e2080000,0x00000000e2580000)
 ParOldGen       total 60928K, used 8312K [0x00000000a0000000, 0x00000000a3b80000, 0x00000000e0000000)
  object space 60928K, 13% used [0x00000000a0000000,0x00000000a081e1e8,0x00000000a3b80000)
 Metaspace       used 26657K, capacity 27126K, committed 27392K, reserved 1073152K
  class space    used 3667K, capacity 3829K, committed 3840K, reserved 1048576K
Event: 5.771 GC heap after
Heap after GC invocations=8 (full 1):
 PSYoungGen      total 38400K, used 5089K [0x00000000e0000000, 0x00000000e4580000, 0x0000000100000000)
  eden space 33280K, 0% used [0x00000000e0000000,0x00000000e0000000,0x00000000e2080000)
  from space 5120K, 99% used [0x00000000e2080000,0x00000000e2578438,0x00000000e2580000)
  to   space 10240K, 0% used [0x00000000e3b80000,0x00000000e3b80000,0x00000000e4580000)
 ParOldGen       total 60928K, used 8320K [0x00000000a0000000, 0x00000000a3b80000, 0x00000000e0000000)
  object space 60928K, 13% used [0x00000000a0000000,0x00000000a08201e8,0x00000000a3b80000)
 Metaspace       used 26657K, capacity 27126K, committed 27392K, reserved 1073152K
  class space    used 3667K, capacity 3829K, committed 3840K, reserved 1048576K
}
Event: 6.187 GC heap before
{Heap before GC invocations=9 (full 1):
 PSYoungGen      total 38400K, used 38369K [0x00000000e0000000, 0x00000000e4580000, 0x0000000100000000)
  eden space 33280K, 100% used [0x00000000e0000000,0x00000000e2080000,0x00000000e2080000)
  from space 5120K, 99% used [0x00000000e2080000,0x00000000e2578438,0x00000000e2580000)
  to   space 10240K, 0% used [0x00000000e3b80000,0x00000000e3b80000,0x00000000e4580000)
 ParOldGen       total 60928K, used 8320K [0x00000000a0000000, 0x00000000a3b80000, 0x00000000e0000000)
  object space 60928K, 13% used [0x00000000a0000000,0x00000000a08201e8,0x00000000a3b80000)
 Metaspace       used 28628K, capacity 29052K, committed 29312K, reserved 1075200K
  class space    used 4002K, capacity 4151K, committed 4224K, reserved 1048576K
Event: 6.193 GC heap after
Heap after GC invocations=9 (full 1):
 PSYoungGen      total 59904K, used 5905K [0x00000000e0000000, 0x00000000e4480000, 0x0000000100000000)
  eden space 50688K, 0% used [0x00000000e0000000,0x00000000e0000000,0x00000000e3180000)
  from space 9216K, 64% used [0x00000000e3b80000,0x00000000e41444f0,0x00000000e4480000)
  to   space 9728K, 0% used [0x00000000e3180000,0x00000000e3180000,0x00000000e3b00000)
 ParOldGen       total 60928K, used 8328K [0x00000000a0000000, 0x00000000a3b80000, 0x00000000e0000000)
  object space 60928K, 13% used [0x00000000a0000000,0x00000000a08221e8,0x00000000a3b80000)
 Metaspace       used 28628K, capacity 29052K, committed 29312K, reserved 1075200K
  class space    used 4002K, capacity 4151K, committed 4224K, reserved 1048576K
}

Deoptimization events (10 events):
Event: 5.252 Thread 0x000000001afec800 Uncommon trap: reason=unstable_if action=reinterpret pc=0x00000000036da0b0 method=java.util.LinkedHashMap.afterNodeInsertion(Z)V @ 1
Event: 5.282 Thread 0x000000001afec800 Uncommon trap: reason=class_check action=maybe_recompile pc=0x00000000039cfcc0 method=java.lang.reflect.Method.equals(Ljava/lang/Object;)Z @ 5
Event: 5.282 Thread 0x000000001afec800 Uncommon trap: reason=class_check action=maybe_recompile pc=0x00000000039cfcc0 method=java.lang.reflect.Method.equals(Ljava/lang/Object;)Z @ 5
Event: 5.537 Thread 0x000000001afec800 Uncommon trap: reason=class_check action=maybe_recompile pc=0x00000000039c209c method=sun.misc.URLClassPath.getLoader(I)Lsun/misc/URLClassPath$Loader; @ 94
Event: 5.544 Thread 0x000000001afec800 Uncommon trap: reason=class_check action=maybe_recompile pc=0x00000000039b9d18 method=sun.misc.URLClassPath.getLoader(I)Lsun/misc/URLClassPath$Loader; @ 239
Event: 5.650 Thread 0x000000001afec800 Uncommon trap: reason=unstable_if action=reinterpret pc=0x00000000036a588c method=java.io.WinNTFileSystem.resolve(Ljava/lang/String;Ljava/lang/String;)Ljava/lang/String; @ 49
Event: 6.131 Thread 0x000000001afec800 Uncommon trap: reason=unstable_if action=reinterpret pc=0x0000000003c16d20 method=java.net.URI.match(CJJ)Z @ 45
Event: 6.578 Thread 0x000000001afec800 Uncommon trap: reason=unstable_if action=reinterpret pc=0x0000000003d823ec method=com.esotericsoftware.kryo.io.Output.writeString(Ljava/lang/CharSequence;)V @ 1
Event: 7.017 Thread 0x000000001afec800 Uncommon trap: reason=unstable_if action=reinterpret pc=0x0000000003c7e138 method=java.net.URLClassLoader.isSealed(Ljava/lang/String;Ljava/util/jar/Manifest;)Z @ 26
Event: 7.018 Thread 0x000000001afec800 Uncommon trap: reason=unstable_if action=reinterpret pc=0x0000000003c46c9c method=java.net.URLClassLoader.isSealed(Ljava/lang/String;Ljava/util/jar/Manifest;)Z @ 26

Classes redefined (0 events):
No events

Internal exceptions (10 events):
Event: 6.992 Thread 0x000000001afec800 Exception <a 'java/security/PrivilegedActionException'> (0x00000000e19b1518) thrown at [D:\src\AOSP-openjdk-cygwin\jdk8u\hotspot\src\share\vm\prims\jvm.cpp, line 1390]
Event: 6.992 Thread 0x000000001afec800 Exception <a 'java/security/PrivilegedActionException'> (0x00000000e19b1ec8) thrown at [D:\src\AOSP-openjdk-cygwin\jdk8u\hotspot\src\share\vm\prims\jvm.cpp, line 1390]
Event: 6.992 Thread 0x000000001afec800 Exception <a 'java/security/PrivilegedActionException'> (0x00000000e19b4760) thrown at [D:\src\AOSP-openjdk-cygwin\jdk8u\hotspot\src\share\vm\prims\jvm.cpp, line 1390]
Event: 6.992 Thread 0x000000001afec800 Exception <a 'java/security/PrivilegedActionException'> (0x00000000e19b5110) thrown at [D:\src\AOSP-openjdk-cygwin\jdk8u\hotspot\src\share\vm\prims\jvm.cpp, line 1390]
Event: 6.992 Thread 0x000000001afec800 Exception <a 'java/security/PrivilegedActionException'> (0x00000000e19b7b88) thrown at [D:\src\AOSP-openjdk-cygwin\jdk8u\hotspot\src\share\vm\prims\jvm.cpp, line 1390]
Event: 6.992 Thread 0x000000001afec800 Exception <a 'java/security/PrivilegedActionException'> (0x00000000e19b8538) thrown at [D:\src\AOSP-openjdk-cygwin\jdk8u\hotspot\src\share\vm\prims\jvm.cpp, line 1390]
Event: 7.001 Thread 0x000000001afec800 Exception <a 'java/lang/ClassNotFoundException': org/gradle/api/internal/project/DefaultProject_DecoratedBeanInfo> (0x00000000e19d3848) thrown at [D:\src\AOSP-openjdk-cygwin\jdk8u\hotspot\src\share\vm\classfile\systemDictionary.cpp, line 210]
Event: 7.002 Thread 0x000000001afec800 Exception <a 'java/lang/ClassNotFoundException': org/gradle/api/internal/project/DefaultProjectBeanInfo> (0x00000000e1a03250) thrown at [D:\src\AOSP-openjdk-cygwin\jdk8u\hotspot\src\share\vm\classfile\systemDictionary.cpp, line 210]
Event: 7.003 Thread 0x000000001afec800 Exception <a 'java/lang/ClassNotFoundException': org/gradle/api/internal/project/DefaultProjectCustomizer> (0x00000000e1a345d0) thrown at [D:\src\AOSP-openjdk-cygwin\jdk8u\hotspot\src\share\vm\classfile\systemDictionary.cpp, line 210]
Event: 7.011 Thread 0x000000001afec800 Exception <a 'java/lang/ClassNotFoundException': org/gradle/api/internal/project/DefaultProject_DecoratedCustomizer> (0x00000000e1b2c6d0) thrown at [D:\src\AOSP-openjdk-cygwin\jdk8u\hotspot\src\share\vm\classfile\systemDictionary.cpp, line 210]

Events (10 events):
Event: 7.045 loading class java/util/AbstractMap$SimpleImmutableEntry
Event: 7.045 loading class java/util/AbstractMap$SimpleImmutableEntry done
Event: 7.046 loading class org/gradle/api/internal/tasks/ContextAwareTaskAction
Event: 7.046 loading class org/gradle/api/internal/tasks/ContextAwareTaskAction done
Event: 7.046 loading class org/gradle/api/internal/tasks/ClassLoaderAwareTaskAction
Event: 7.046 loading class org/gradle/api/internal/tasks/ClassLoaderAwareTaskAction done
Event: 7.047 loading class org/gradle/api/tasks/TaskLocalState
Event: 7.047 loading class org/gradle/api/tasks/TaskLocalState done
Event: 7.047 loading class org/gradle/api/tasks/TaskOutputs
Event: 7.047 loading class org/gradle/api/tasks/TaskOutputs done


Dynamic libraries:
0x00007ff78f700000 - 0x00007ff78f731000 	C:\Program Files\Android\Android Studio\jre\bin\java.exe
0x00007ff82ef30000 - 0x00007ff82f111000 	C:\WINDOWS\SYSTEM32\ntdll.dll
0x00007ff82c3f0000 - 0x00007ff82c4a1000 	C:\WINDOWS\System32\KERNEL32.DLL
0x00007ff82b2d0000 - 0x00007ff82b543000 	C:\WINDOWS\System32\KERNELBASE.dll
0x00007ff82c610000 - 0x00007ff82c6b1000 	C:\WINDOWS\System32\ADVAPI32.dll
0x00007ff82d1b0000 - 0x00007ff82d24e000 	C:\WINDOWS\System32\msvcrt.dll
0x00007ff82c5b0000 - 0x00007ff82c60b000 	C:\WINDOWS\System32\sechost.dll
0x00007ff82ece0000 - 0x00007ff82ee04000 	C:\WINDOWS\System32\RPCRT4.dll
0x00007ff82d700000 - 0x00007ff82d890000 	C:\WINDOWS\System32\USER32.dll
0x00007ff82c1d0000 - 0x00007ff82c1f0000 	C:\WINDOWS\System32\win32u.dll
0x00007ff82c580000 - 0x00007ff82c5a8000 	C:\WINDOWS\System32\GDI32.dll
0x00007ff82c1f0000 - 0x00007ff82c381000 	C:\WINDOWS\System32\gdi32full.dll
0x00007ff82b5a0000 - 0x00007ff82b63f000 	C:\WINDOWS\System32\msvcp_win.dll
0x00007ff82bff0000 - 0x00007ff82c0e8000 	C:\WINDOWS\System32\ucrtbase.dll
0x00007ff80e500000 - 0x00007ff80e769000 	C:\WINDOWS\WinSxS\amd64_microsoft.windows.common-controls_6595b64144ccf1df_6.0.17134.829_none_fb46a5473061b9d5\COMCTL32.dll
0x00007ff82d250000 - 0x00007ff82d572000 	C:\WINDOWS\System32\combase.dll
0x00007ff82c0f0000 - 0x00007ff82c16a000 	C:\WINDOWS\System32\bcryptPrimitives.dll
0x00007ff82c6c0000 - 0x00007ff82c6ed000 	C:\WINDOWS\System32\IMM32.DLL
0x000000005d5a0000 - 0x000000005d672000 	C:\Program Files\Android\Android Studio\jre\jre\bin\msvcr100.dll
0x000000005d680000 - 0x000000005dec1000 	C:\Program Files\Android\Android Studio\jre\jre\bin\server\jvm.dll
0x00007ff82eec0000 - 0x00007ff82eec8000 	C:\WINDOWS\System32\PSAPI.DLL
0x00007ff8180a0000 - 0x00007ff8180a9000 	C:\WINDOWS\SYSTEM32\WSOCK32.dll
0x00007ff8249a0000 - 0x00007ff8249aa000 	C:\WINDOWS\SYSTEM32\VERSION.dll
0x00007ff82d690000 - 0x00007ff82d6fc000 	C:\WINDOWS\System32\WS2_32.dll
0x00007ff820720000 - 0x00007ff820743000 	C:\WINDOWS\SYSTEM32\WINMM.dll
0x00007ff8206f0000 - 0x00007ff82071a000 	C:\WINDOWS\SYSTEM32\WINMMBASE.dll
0x00007ff82b550000 - 0x00007ff82b599000 	C:\WINDOWS\System32\cfgmgr32.dll
0x00007ff825760000 - 0x00007ff82576f000 	C:\Program Files\Android\Android Studio\jre\jre\bin\verify.dll
0x00007ff8254e0000 - 0x00007ff825509000 	C:\Program Files\Android\Android Studio\jre\jre\bin\java.dll
0x00007ff825670000 - 0x00007ff825686000 	C:\Program Files\Android\Android Studio\jre\jre\bin\zip.dll
0x00007ff82d8a0000 - 0x00007ff82ece0000 	C:\WINDOWS\System32\SHELL32.dll
0x00007ff82ee10000 - 0x00007ff82eeb9000 	C:\WINDOWS\System32\shcore.dll
0x00007ff82b6f0000 - 0x00007ff82bdfd000 	C:\WINDOWS\System32\windows.storage.dll
0x00007ff82d150000 - 0x00007ff82d1a1000 	C:\WINDOWS\System32\shlwapi.dll
0x00007ff82b2b0000 - 0x00007ff82b2c1000 	C:\WINDOWS\System32\kernel.appcore.dll
0x00007ff82b290000 - 0x00007ff82b2af000 	C:\WINDOWS\System32\profapi.dll
0x00007ff82b220000 - 0x00007ff82b26c000 	C:\WINDOWS\System32\powrprof.dll
0x00007ff82b210000 - 0x00007ff82b21a000 	C:\WINDOWS\System32\FLTLIB.DLL
0x00007ff8250a0000 - 0x00007ff8250ba000 	C:\Program Files\Android\Android Studio\jre\jre\bin\net.dll
0x00007ff82aa90000 - 0x00007ff82aaf6000 	C:\WINDOWS\system32\mswsock.dll
0x00007ff824e30000 - 0x00007ff824e41000 	C:\Program Files\Android\Android Studio\jre\jre\bin\nio.dll
0x00007ff81feb0000 - 0x00007ff81fece000 	C:\Users\ni.guliyev\.gradle\native\25\windows-amd64\native-platform.dll
0x00007ff825600000 - 0x00007ff82560d000 	C:\Program Files\Android\Android Studio\jre\jre\bin\management.dll
0x00007ff82ac40000 - 0x00007ff82ac57000 	C:\WINDOWS\SYSTEM32\CRYPTSP.dll
0x00007ff82a680000 - 0x00007ff82a6b3000 	C:\WINDOWS\system32\rsaenh.dll
0x00007ff82ad70000 - 0x00007ff82ad95000 	C:\WINDOWS\SYSTEM32\bcrypt.dll
0x00007ff82b110000 - 0x00007ff82b138000 	C:\WINDOWS\SYSTEM32\USERENV.dll
0x00007ff82ac60000 - 0x00007ff82ac6b000 	C:\WINDOWS\SYSTEM32\CRYPTBASE.dll
0x00007ff82a820000 - 0x00007ff82a858000 	C:\WINDOWS\SYSTEM32\IPHLPAPI.DLL
0x00007ff82d140000 - 0x00007ff82d148000 	C:\WINDOWS\System32\NSI.dll
0x00007ff8265a0000 - 0x00007ff8265b6000 	C:\WINDOWS\SYSTEM32\dhcpcsvc6.DLL
0x00007ff826050000 - 0x00007ff82606a000 	C:\WINDOWS\SYSTEM32\dhcpcsvc.DLL

VM Arguments:
jvm_args: -Xmx1536m -Dfile.encoding=windows-1252 -Duser.country=US -Duser.language=en -Duser.variant 
java_command: org.gradle.launcher.daemon.bootstrap.GradleDaemon 4.6
java_class_path (initial): C:\Users\ni.guliyev\.gradle\wrapper\dists\gradle-4.6-all\bcst21l2brirad8k2ben1letg\gradle-4.6\lib\gradle-launcher-4.6.jar
Launcher Type: SUN_STANDARD

Environment Variables:
PATH=C:\Program Files (x86)\Common Files\Oracle\Java\javapath;C:\WINDOWS\system32;C:\WINDOWS;C:\WINDOWS\System32\Wbem;C:\WINDOWS\System32\WindowsPowerShell\v1.0\;C:\Program Files\dotnet\;C:\Program Files\Microsoft SQL Server\130\Tools\Binn\;C:\Program Files\Microsoft SQL Server\Client SDK\ODBC\130\Tools\Binn\;C:\Program Files (x86)\Microsoft SQL Server\140\Tools\Binn\;C:\Program Files\Microsoft SQL Server\140\Tools\Binn\;C:\Program Files\Microsoft SQL Server\140\DTS\Binn\;C:\Program Files (x86)\Microsoft SQL Server\Client SDK\ODBC\130\Tools\Binn\;C:\Program Files (x86)\Microsoft SQL Server\140\DTS\Binn\;C:\Program Files (x86)\Microsoft SQL Server\140\Tools\Binn\ManagementStudio\;C:\WINDOWS\System32\OpenSSH\;C:\opt\apache-maven-3.6.0\bin;C:\Program Files\Java\jdk-11.0.1\bin;C:\Users\ni.guliyev\AppData\Local\Programs\Microsoft VS Code\bin;C:\Users\ni.guliyev\.android;;%USERPROFILE%\AppData\Local\Microsoft\WindowsApps
USERNAME=ni.guliyev
OS=Windows_NT
PROCESSOR_IDENTIFIER=Intel64 Family 6 Model 142 Stepping 10, GenuineIntel



---------------  S Y S T E M  ---------------

OS: Windows 10.0 , 64 bit Build 17134 (10.0.17134.753)

CPU:total 8 (initial active 8) (4 cores per cpu, 2 threads per core) family 6 model 142 stepping 10, cmov, cx8, fxsr, mmx, sse, sse2, sse3, ssse3, sse4.1, sse4.2, popcnt, avx, avx2, aes, clmul, erms, 3dnowpref, lzcnt, ht, tsc, tscinvbit, bmi1, bmi2, adx

Memory: 4k page, physical 8281300k(500396k free), swap 33447124k(3500k free)

vm_info: OpenJDK 64-Bit Server VM (25.152-b06) for windows-amd64 JRE (1.8.0_152-release-1136-b06), built by "builder" with MS VC++ 10.0 (VS2010)

time: Thu Aug 08 12:12:17 2019
elapsed time: 7 seconds (0d 0h 0m 7s)

