#
# There is insufficient memory for the Java Runtime Environment to continue.
# Native memory allocation (malloc) failed to allocate 1062576 bytes for Chunk::new
# Possible reasons:
#   The system is out of physical RAM or swap space
#   In 32 bit mode, the process size limit was hit
# Possible solutions:
#   Reduce memory load on the system
#   Increase physical memory or swap space
#   Check if swap backing store is full
#   Use 64 bit Java on a 64 bit OS
#   Decrease Java heap size (-Xmx/-Xms)
#   Decrease number of Java threads
#   Decrease Java thread stack sizes (-Xss)
#   Set larger code cache with -XX:ReservedCodeCacheSize=
# This output file may be truncated or incomplete.
#
#  Out of Memory Error (allocation.cpp:390), pid=263616, tid=0x00000000000437bc
#
# JRE version: OpenJDK Runtime Environment (8.0_152-b06) (build 1.8.0_152-release-1136-b06)
# Java VM: OpenJDK 64-Bit Server VM (25.152-b06 mixed mode windows-amd64 compressed oops)
# Failed to write core dump. Minidumps are not enabled by default on client versions of Windows
#

---------------  T H R E A D  ---------------

Current thread (0x00000000163cc000):  JavaThread "C2 CompilerThread2" daemon [_thread_in_native, id=276412, stack(0x0000000018bb0000,0x0000000018cb0000)]

Stack: [0x0000000018bb0000,0x0000000018cb0000]
[error occurred during error reporting (printing stack bounds), id 0xc0000005]

Native frames: (J=compiled Java code, j=interpreted, Vv=VM code, C=native code)


Current CompileTask:
C2: 188432 17508       4       com.android.tools.r8.ir.conversion.IRBuilder::joinPredecessorsWithIdenticalPhis (394 bytes)


---------------  P R O C E S S  ---------------

Java Threads: ( => current thread )
  0x0000000022b8e000 JavaThread "ForkJoinPool.commonPool-worker-1" daemon [_thread_blocked, id=278076, stack(0x000000002d770000,0x000000002d870000)]
  0x0000000022b91000 JavaThread "ForkJoinPool.commonPool-worker-2" daemon [_thread_blocked, id=291892, stack(0x000000002d670000,0x000000002d770000)]
  0x0000000022b8f800 JavaThread "ForkJoinPool.commonPool-worker-7" daemon [_thread_blocked, id=294792, stack(0x000000002d570000,0x000000002d670000)]
  0x000000001dc28800 JavaThread "ForkJoinPool.commonPool-worker-0" daemon [_thread_blocked, id=280736, stack(0x000000002d470000,0x000000002d570000)]
  0x000000001dc27000 JavaThread "ForkJoinPool.commonPool-worker-5" daemon [_thread_blocked, id=288392, stack(0x000000002d370000,0x000000002d470000)]
  0x000000001dc24800 JavaThread "Task worker for ':' Thread 7" [_thread_blocked, id=290064, stack(0x000000002d270000,0x000000002d370000)]
  0x000000001dc27800 JavaThread "Task worker for ':' Thread 6" [_thread_blocked, id=294456, stack(0x000000002d170000,0x000000002d270000)]
  0x000000001dc26000 JavaThread "Task worker for ':' Thread 5" [_thread_blocked, id=257692, stack(0x000000002d070000,0x000000002d170000)]
  0x000000001dc25800 JavaThread "Task worker for ':' Thread 4" [_thread_blocked, id=294996, stack(0x000000002cf70000,0x000000002d070000)]
  0x000000001dc24000 JavaThread "Task worker for ':' Thread 3" [_thread_blocked, id=257572, stack(0x000000002ce70000,0x000000002cf70000)]
  0x000000001dc1c000 JavaThread "Task worker for ':' Thread 2" [_thread_blocked, id=295648, stack(0x000000002cd70000,0x000000002ce70000)]
  0x000000001dc23000 JavaThread "Task worker for ':'" [_thread_blocked, id=272288, stack(0x000000002cc70000,0x000000002cd70000)]
  0x000000001dc21800 JavaThread "Cache worker for Build Output Cleanup Cache (C:\Users\ni.guliyev\Desktop\Terminal\.gradle\buildOutputCleanup)" [_thread_blocked, id=286456, stack(0x000000002cb70000,0x000000002cc70000)]
  0x000000001dc19000 JavaThread "Cache worker for task history cache (C:\Users\ni.guliyev\Desktop\Terminal\.gradle\4.6\taskHistory)" [_thread_blocked, id=294256, stack(0x000000002ca70000,0x000000002cb70000)]
  0x000000001dc1b800 JavaThread "Cache worker for file content cache (C:\Users\ni.guliyev\Desktop\Terminal\.gradle\4.6\fileContent)" [_thread_blocked, id=295044, stack(0x000000002c970000,0x000000002ca70000)]
  0x000000001dc20000 JavaThread "Build operations Thread 8" [_thread_blocked, id=295004, stack(0x000000002c870000,0x000000002c970000)]
  0x000000001dc1f000 JavaThread "Build operations Thread 7" [_thread_blocked, id=271708, stack(0x000000002c770000,0x000000002c870000)]
  0x00000000202ac800 JavaThread "Build operations Thread 6" [_thread_blocked, id=264312, stack(0x000000002c670000,0x000000002c770000)]
  0x00000000202ac000 JavaThread "Build operations Thread 5" [_thread_blocked, id=271488, stack(0x000000002c570000,0x000000002c670000)]
  0x00000000202ab000 JavaThread "Build operations Thread 4" [_thread_blocked, id=292436, stack(0x000000002c470000,0x000000002c570000)]
  0x00000000202a9000 JavaThread "Build operations Thread 3" [_thread_blocked, id=248020, stack(0x000000002c370000,0x000000002c470000)]
  0x00000000202a1800 JavaThread "Build operations Thread 2" [_thread_blocked, id=283992, stack(0x000000002c270000,0x000000002c370000)]
  0x00000000202a8000 JavaThread "Build operations" [_thread_blocked, id=292332, stack(0x000000002c170000,0x000000002c270000)]
  0x00000000202a0800 JavaThread "Cache worker for Artifact transforms cache (C:\Users\ni.guliyev\.gradle\caches\transforms-1)" [_thread_blocked, id=294224, stack(0x000000002c070000,0x000000002c170000)]
  0x000000002029f000 JavaThread "Cache worker for file hash cache (C:\Users\ni.guliyev\Desktop\Terminal\.gradle\4.6\fileHashes)" [_thread_blocked, id=279760, stack(0x000000002bf70000,0x000000002c070000)]
  0x00000000202a6000 JavaThread "Stdin handler" [_thread_blocked, id=276192, stack(0x000000002be70000,0x000000002bf70000)]
  0x00000000202a5000 JavaThread "Asynchronous log dispatcher for DefaultDaemonConnection: socket connection from /127.0.0.1:50593 to /127.0.0.1:51114" [_thread_blocked, id=295700, stack(0x000000002bd70000,0x000000002be70000)]
  0x000000002029d800 JavaThread "Cancel handler" [_thread_blocked, id=293792, stack(0x000000002bc70000,0x000000002bd70000)]
  0x000000002029e800 JavaThread "Handler for socket connection from /127.0.0.1:50593 to /127.0.0.1:51114" [_thread_in_native, id=265972, stack(0x000000002bb70000,0x000000002bc70000)]
  0x00000000202a7800 JavaThread "ForkJoinPool.commonPool-worker-3" daemon [_thread_blocked, id=292292, stack(0x000000002b970000,0x000000002ba70000)]
  0x00000000202a3800 JavaThread "ForkJoinPool.commonPool-worker-6" daemon [_thread_in_native, id=290648, stack(0x000000002b470000,0x000000002b570000)]
  0x0000000022b86000 JavaThread "Daemon worker Thread 2" [_thread_blocked, id=273800, stack(0x0000000029a70000,0x0000000029b70000)]
  0x0000000022b88000 JavaThread "Daemon Thread 2" [_thread_blocked, id=282572, stack(0x0000000029770000,0x0000000029870000)]
  0x0000000022b86800 JavaThread "pool-1-thread-1" [_thread_blocked, id=258336, stack(0x0000000029670000,0x0000000029770000)]
  0x000000001dc1a800 JavaThread "Memory manager" [_thread_blocked, id=272992, stack(0x0000000021bf0000,0x0000000021cf0000)]
  0x000000001a353800 JavaThread "File lock request listener" [_thread_in_native, id=235808, stack(0x000000001bc00000,0x000000001bd00000)]
  0x000000001a35c000 JavaThread "Cache worker for file hash cache (C:\Users\ni.guliyev\.gradle\caches\4.6\fileHashes)" [_thread_blocked, id=543136, stack(0x000000001bb00000,0x000000001bc00000)]
  0x0000000019fba000 JavaThread "Daemon periodic checks" [_thread_blocked, id=260844, stack(0x000000001af00000,0x000000001b000000)]
  0x000000001a1c7000 JavaThread "Incoming local TCP Connector on port 50593" [_thread_in_native, id=279700, stack(0x000000001acc0000,0x000000001adc0000)]
  0x0000000018366000 JavaThread "Service Thread" daemon [_thread_blocked, id=280356, stack(0x0000000018db0000,0x0000000018eb0000)]
  0x00000000182ec000 JavaThread "C1 CompilerThread3" daemon [_thread_blocked, id=280352, stack(0x0000000018cb0000,0x0000000018db0000)]
=>0x00000000163cc000 JavaThread "C2 CompilerThread2" daemon [_thread_in_native, id=276412, stack(0x0000000018bb0000,0x0000000018cb0000)]
  0x00000000182e2000 JavaThread "C2 CompilerThread1" daemon [_thread_in_native, id=280188, stack(0x0000000018ab0000,0x0000000018bb0000)]
  0x00000000182dd000 JavaThread "C2 CompilerThread0" daemon [_thread_in_native, id=280256, stack(0x00000000189b0000,0x0000000018ab0000)]
  0x00000000182db800 JavaThread "Attach Listener" daemon [_thread_blocked, id=280252, stack(0x00000000188b0000,0x00000000189b0000)]
  0x00000000182d8800 JavaThread "Signal Dispatcher" daemon [_thread_blocked, id=280264, stack(0x00000000187b0000,0x00000000188b0000)]
  0x00000000025f9000 JavaThread "Finalizer" daemon [_thread_blocked, id=265936, stack(0x00000000186b0000,0x00000000187b0000)]
  0x00000000025f5000 JavaThread "Reference Handler" daemon [_thread_blocked, id=246060, stack(0x00000000181b0000,0x00000000182b0000)]
  0x0000000000b4e800 JavaThread "main" [_thread_blocked, id=280176, stack(0x0000000002300000,0x0000000002400000)]

Other Threads:
  0x00000000163b5800 VMThread [stack: 0x00000000180b0000,0x00000000181b0000] [id=280180]
  0x0000000018366800 WatcherThread [stack: 0x0000000018eb0000,0x0000000018fb0000] [id=280360]

VM state:not at safepoint (normal execution)

VM Mutex/Monitor currently owned by a thread: None

Heap:
 PSYoungGen      total 379904K, used 39841K [0x00000000e0000000, 0x00000000f8780000, 0x0000000100000000)
  eden space 358912K, 10% used [0x00000000e0000000,0x00000000e23f4008,0x00000000f5e80000)
  from space 20992K, 14% used [0x00000000f7280000,0x00000000f7574718,0x00000000f8700000)
  to   space 20480K, 0% used [0x00000000f5e80000,0x00000000f5e80000,0x00000000f7280000)
 ParOldGen       total 122368K, used 57814K [0x00000000a0000000, 0x00000000a7780000, 0x00000000e0000000)
  object space 122368K, 47% used [0x00000000a0000000,0x00000000a3875940,0x00000000a7780000)
 Metaspace       used 85221K, capacity 88885K, committed 89048K, reserved 1126400K
  class space    used 11028K, capacity 11727K, committed 11776K, reserved 1048576K

Card table byte_map: [0x00000000119c0000,0x0000000011cd0000] byte_map_base: 0x00000000114c0000

Marking Bits: (ParMarkBitMap*) 0x000000005de45aa0
 Begin Bits: [0x00000000126d0000, 0x0000000013ed0000)
 End Bits:   [0x0000000013ed0000, 0x00000000156d0000)

Polling page: 0x00000000005c0000

CodeCache: size=245760Kb used=50637Kb max_used=50675Kb free=195122Kb
 bounds [0x0000000002600000, 0x00000000057c0000, 0x0000000011600000]
 total_blobs=15366 nmethods=14484 adapters=792
 compilation: enabled

Compilation events (10 events):
Event: 188.316 Thread 0x00000000182ec000 17542       3       java.nio.file.Files::newOutputStream (10 bytes)
Event: 188.317 Thread 0x00000000182ec000 nmethod 17542 0x0000000002a0f390 code [0x0000000002a0f520, 0x0000000002a0f908]
Event: 188.326 Thread 0x00000000182e2000 nmethod 17510 0x000000000578c0d0 code [0x000000000578c340, 0x000000000578d030]
Event: 188.328 Thread 0x00000000182e2000 17544       4       com.android.tools.r8.dex.FileWriter::writeEncodedAnnotation (105 bytes)
Event: 188.333 Thread 0x00000000182ec000 17545       3       com.android.tools.r8.dex.FileWriter::writeCodeItem (502 bytes)
Event: 188.337 Thread 0x00000000182ec000 nmethod 17545 0x00000000057b6150 code [0x00000000057b66c0, 0x00000000057b9508]
Event: 188.369 Thread 0x00000000182ec000 17546       3       sun.security.provider.SHA::implReset (41 bytes)
Event: 188.369 Thread 0x00000000182ec000 nmethod 17546 0x00000000031ea290 code [0x00000000031ea400, 0x00000000031ea610]
Event: 188.377 Thread 0x00000000182ec000 17547       3       com.android.tools.r8.graph.DexValue::defaultForType (184 bytes)
Event: 188.379 Thread 0x00000000182ec000 nmethod 17547 0x000000000578aad0 code [0x000000000578ad20, 0x000000000578ba88]

GC Heap History (10 events):
Event: 164.457 GC heap before
{Heap before GC invocations=23 (full 3):
 PSYoungGen      total 319488K, used 313262K [0x00000000e0000000, 0x00000000f8700000, 0x0000000100000000)
  eden space 299008K, 100% used [0x00000000e0000000,0x00000000f2400000,0x00000000f2400000)
  from space 20480K, 69% used [0x00000000f2400000,0x00000000f31eba48,0x00000000f3800000)
  to   space 20992K, 0% used [0x00000000f7280000,0x00000000f7280000,0x00000000f8700000)
 ParOldGen       total 122368K, used 50082K [0x00000000a0000000, 0x00000000a7780000, 0x00000000e0000000)
  object space 122368K, 40% used [0x00000000a0000000,0x00000000a30e8bf0,0x00000000a7780000)
 Metaspace       used 84974K, capacity 88665K, committed 88792K, reserved 1126400K
  class space    used 11017K, capacity 11721K, committed 11776K, reserved 1048576K
Event: 164.520 GC heap after
Heap after GC invocations=23 (full 3):
 PSYoungGen      total 379904K, used 12684K [0x00000000e0000000, 0x00000000f8780000, 0x0000000100000000)
  eden space 358912K, 0% used [0x00000000e0000000,0x00000000e0000000,0x00000000f5e80000)
  from space 20992K, 60% used [0x00000000f7280000,0x00000000f7ee3158,0x00000000f8700000)
  to   space 20480K, 0% used [0x00000000f5e80000,0x00000000f5e80000,0x00000000f7280000)
 ParOldGen       total 122368K, used 50860K [0x00000000a0000000, 0x00000000a7780000, 0x00000000e0000000)
  object space 122368K, 41% used [0x00000000a0000000,0x00000000a31ab130,0x00000000a7780000)
 Metaspace       used 84974K, capacity 88665K, committed 88792K, reserved 1126400K
  class space    used 11017K, capacity 11721K, committed 11776K, reserved 1048576K
}
Event: 168.660 GC heap before
{Heap before GC invocations=24 (full 3):
 PSYoungGen      total 379904K, used 371596K [0x00000000e0000000, 0x00000000f8780000, 0x0000000100000000)
  eden space 358912K, 100% used [0x00000000e0000000,0x00000000f5e80000,0x00000000f5e80000)
  from space 20992K, 60% used [0x00000000f7280000,0x00000000f7ee3158,0x00000000f8700000)
  to   space 20480K, 0% used [0x00000000f5e80000,0x00000000f5e80000,0x00000000f7280000)
 ParOldGen       total 122368K, used 50860K [0x00000000a0000000, 0x00000000a7780000, 0x00000000e0000000)
  object space 122368K, 41% used [0x00000000a0000000,0x00000000a31ab130,0x00000000a7780000)
 Metaspace       used 85040K, capacity 88731K, committed 88792K, reserved 1126400K
  class space    used 11017K, capacity 11722K, committed 11776K, reserved 1048576K
Event: 168.876 GC heap after
Heap after GC invocations=24 (full 3):
 PSYoungGen      total 379392K, used 15284K [0x00000000e0000000, 0x00000000f8780000, 0x0000000100000000)
  eden space 358912K, 0% used [0x00000000e0000000,0x00000000e0000000,0x00000000f5e80000)
  from space 20480K, 74% used [0x00000000f5e80000,0x00000000f6d6d0a8,0x00000000f7280000)
  to   space 20992K, 0% used [0x00000000f7280000,0x00000000f7280000,0x00000000f8700000)
 ParOldGen       total 122368K, used 51944K [0x00000000a0000000, 0x00000000a7780000, 0x00000000e0000000)
  object space 122368K, 42% used [0x00000000a0000000,0x00000000a32ba1d0,0x00000000a7780000)
 Metaspace       used 85040K, capacity 88731K, committed 88792K, reserved 1126400K
  class space    used 11017K, capacity 11722K, committed 11776K, reserved 1048576K
}
Event: 173.059 GC heap before
{Heap before GC invocations=25 (full 3):
 PSYoungGen      total 379392K, used 374196K [0x00000000e0000000, 0x00000000f8780000, 0x0000000100000000)
  eden space 358912K, 100% used [0x00000000e0000000,0x00000000f5e80000,0x00000000f5e80000)
  from space 20480K, 74% used [0x00000000f5e80000,0x00000000f6d6d0a8,0x00000000f7280000)
  to   space 20992K, 0% used [0x00000000f7280000,0x00000000f7280000,0x00000000f8700000)
 ParOldGen       total 122368K, used 51944K [0x00000000a0000000, 0x00000000a7780000, 0x00000000e0000000)
  object space 122368K, 42% used [0x00000000a0000000,0x00000000a32ba1d0,0x00000000a7780000)
 Metaspace       used 85088K, capacity 88819K, committed 89048K, reserved 1126400K
  class space    used 11020K, capacity 11726K, committed 11776K, reserved 1048576K
Event: 173.332 GC heap after
Heap after GC invocations=25 (full 3):
 PSYoungGen      total 379904K, used 6393K [0x00000000e0000000, 0x00000000f8780000, 0x0000000100000000)
  eden space 358912K, 0% used [0x00000000e0000000,0x00000000e0000000,0x00000000f5e80000)
  from space 20992K, 30% used [0x00000000f7280000,0x00000000f78be480,0x00000000f8700000)
  to   space 20480K, 0% used [0x00000000f5e80000,0x00000000f5e80000,0x00000000f7280000)
 ParOldGen       total 122368K, used 57507K [0x00000000a0000000, 0x00000000a7780000, 0x00000000e0000000)
  object space 122368K, 46% used [0x00000000a0000000,0x00000000a3828d18,0x00000000a7780000)
 Metaspace       used 85088K, capacity 88819K, committed 89048K, reserved 1126400K
  class space    used 11020K, capacity 11726K, committed 11776K, reserved 1048576K
}
Event: 177.037 GC heap before
{Heap before GC invocations=26 (full 3):
 PSYoungGen      total 379904K, used 365305K [0x00000000e0000000, 0x00000000f8780000, 0x0000000100000000)
  eden space 358912K, 100% used [0x00000000e0000000,0x00000000f5e80000,0x00000000f5e80000)
  from space 20992K, 30% used [0x00000000f7280000,0x00000000f78be480,0x00000000f8700000)
  to   space 20480K, 0% used [0x00000000f5e80000,0x00000000f5e80000,0x00000000f7280000)
 ParOldGen       total 122368K, used 57507K [0x00000000a0000000, 0x00000000a7780000, 0x00000000e0000000)
  object space 122368K, 46% used [0x00000000a0000000,0x00000000a3828d18,0x00000000a7780000)
 Metaspace       used 85125K, capacity 88821K, committed 89048K, reserved 1126400K
  class space    used 11021K, capacity 11727K, committed 11776K, reserved 1048576K
Event: 177.191 GC heap after
Heap after GC invocations=26 (full 3):
 PSYoungGen      total 379392K, used 5504K [0x00000000e0000000, 0x00000000f8780000, 0x0000000100000000)
  eden space 358912K, 0% used [0x00000000e0000000,0x00000000e0000000,0x00000000f5e80000)
  from space 20480K, 26% used [0x00000000f5e80000,0x00000000f63e00f8,0x00000000f7280000)
  to   space 20992K, 0% used [0x00000000f7280000,0x00000000f7280000,0x00000000f8700000)
 ParOldGen       total 122368K, used 57515K [0x00000000a0000000, 0x00000000a7780000, 0x00000000e0000000)
  object space 122368K, 47% used [0x00000000a0000000,0x00000000a382ad18,0x00000000a7780000)
 Metaspace       used 85125K, capacity 88821K, committed 89048K, reserved 1126400K
  class space    used 11021K, capacity 11727K, committed 11776K, reserved 1048576K
}
Event: 187.209 GC heap before
{Heap before GC invocations=27 (full 3):
 PSYoungGen      total 379392K, used 364416K [0x00000000e0000000, 0x00000000f8780000, 0x0000000100000000)
  eden space 358912K, 100% used [0x00000000e0000000,0x00000000f5e80000,0x00000000f5e80000)
  from space 20480K, 26% used [0x00000000f5e80000,0x00000000f63e00f8,0x00000000f7280000)
  to   space 20992K, 0% used [0x00000000f7280000,0x00000000f7280000,0x00000000f8700000)
 ParOldGen       total 122368K, used 57515K [0x00000000a0000000, 0x00000000a7780000, 0x00000000e0000000)
  object space 122368K, 47% used [0x00000000a0000000,0x00000000a382ad18,0x00000000a7780000)
 Metaspace       used 85198K, capacity 88885K, committed 89048K, reserved 1126400K
  class space    used 11028K, capacity 11727K, committed 11776K, reserved 1048576K
Event: 187.350 GC heap after
Heap after GC invocations=27 (full 3):
 PSYoungGen      total 379904K, used 3025K [0x00000000e0000000, 0x00000000f8780000, 0x0000000100000000)
  eden space 358912K, 0% used [0x00000000e0000000,0x00000000e0000000,0x00000000f5e80000)
  from space 20992K, 14% used [0x00000000f7280000,0x00000000f7574718,0x00000000f8700000)
  to   space 20480K, 0% used [0x00000000f5e80000,0x00000000f5e80000,0x00000000f7280000)
 ParOldGen       total 122368K, used 57814K [0x00000000a0000000, 0x00000000a7780000, 0x00000000e0000000)
  object space 122368K, 47% used [0x00000000a0000000,0x00000000a3875940,0x00000000a7780000)
 Metaspace       used 85198K, capacity 88885K, committed 89048K, reserved 1126400K
  class space    used 11028K, capacity 11727K, committed 11776K, reserved 1048576K
}

Deoptimization events (10 events):
Event: 185.839 Thread 0x000000001dc28800 Uncommon trap: reason=array_check action=maybe_recompile pc=0x0000000004d7adb8 method=java.util.TimSort.mergeHi(IIII)V @ 657
Event: 186.333 Thread 0x000000001dc27000 Uncommon trap: reason=class_check action=maybe_recompile pc=0x000000000562822c method=com.android.tools.r8.ir.optimize.CodeRewriter.isClassDesiredAssertionStatusInvoke(Lcom/android/tools/r8/ir/code/Instruction;)Z @ 8
Event: 186.361 Thread 0x000000001dc27000 Uncommon trap: reason=class_check action=maybe_recompile pc=0x000000000562822c method=com.android.tools.r8.ir.optimize.CodeRewriter.isClassDesiredAssertionStatusInvoke(Lcom/android/tools/r8/ir/code/Instruction;)Z @ 8
Event: 187.142 Thread 0x000000001dc28800 Uncommon trap: reason=unstable_if action=reinterpret pc=0x000000000526bec8 method=com.android.tools.r8.ir.conversion.JarSourceCode.getDebugPositionAtOffset(I)Lcom/android/tools/r8/ir/code/Position; @ 72
Event: 187.142 Thread 0x000000001dc28800 Uncommon trap: reason=unstable_if action=reinterpret pc=0x00000000051a4ecc method=com.android.tools.r8.ir.conversion.DexBuilder.removeRedundantDebugPositions(Lcom/android/tools/r8/ir/code/IRCode;I)V @ 4
Event: 187.168 Thread 0x000000001dc28800 Uncommon trap: reason=unstable_if action=reinterpret pc=0x0000000003f4cb40 method=com.android.tools.r8.graph.DexCode.computeHashCode()I @ 35
Event: 187.168 Thread 0x000000001dc28800 Uncommon trap: reason=unstable_if action=reinterpret pc=0x0000000003f91c30 method=com.android.tools.r8.graph.DexCode.computeHashCode()I @ 35
Event: 187.169 Thread 0x000000001dc28800 Uncommon trap: reason=unstable_if action=reinterpret pc=0x00000000040d06bc method=com.android.tools.r8.graph.DexCode.collectIndexedItems(Lcom/android/tools/r8/dex/IndexedItemCollection;Lcom/android/tools/r8/graph/DexMethod;I)V @ 69
Event: 187.173 Thread 0x000000001dc28800 Uncommon trap: reason=unstable_if action=reinterpret pc=0x000000000431e378 method=com.android.tools.r8.dex.FileWriter$MixedSectionOffsets.lookup(Ljava/lang/Object;Lcom/android/tools/r8/it/unimi/dsi/fastutil/objects/Object2IntMap;)I @ 1
Event: 188.253 Thread 0x00000000202a7800 Uncommon trap: reason=unstable_if action=reinterpret pc=0x0000000004d7736c method=java.util.TimSort.mergeAt(I)V @ 170

Classes redefined (0 events):
No events

Internal exceptions (10 events):
Event: 188.353 Thread 0x00000000202a7800 Exception <a 'sun/nio/fs/WindowsException'> (0x00000000e2035618) thrown at [D:\src\AOSP-openjdk-cygwin\jdk8u\hotspot\src\share\vm\prims\jni.cpp, line 709]
Event: 188.356 Thread 0x00000000202a7800 Exception <a 'sun/nio/fs/WindowsException'> (0x00000000e203e1d0) thrown at [D:\src\AOSP-openjdk-cygwin\jdk8u\hotspot\src\share\vm\prims\jni.cpp, line 709]
Event: 188.358 Thread 0x00000000202a7800 Exception <a 'sun/nio/fs/WindowsException'> (0x00000000e2043f28) thrown at [D:\src\AOSP-openjdk-cygwin\jdk8u\hotspot\src\share\vm\prims\jni.cpp, line 709]
Event: 188.361 Thread 0x00000000202a7800 Exception <a 'sun/nio/fs/WindowsException'> (0x00000000e2049570) thrown at [D:\src\AOSP-openjdk-cygwin\jdk8u\hotspot\src\share\vm\prims\jni.cpp, line 709]
Event: 188.363 Thread 0x00000000202a7800 Exception <a 'sun/nio/fs/WindowsException'> (0x00000000e204ee90) thrown at [D:\src\AOSP-openjdk-cygwin\jdk8u\hotspot\src\share\vm\prims\jni.cpp, line 709]
Event: 188.366 Thread 0x00000000202a7800 Exception <a 'sun/nio/fs/WindowsException'> (0x00000000e20550b8) thrown at [D:\src\AOSP-openjdk-cygwin\jdk8u\hotspot\src\share\vm\prims\jni.cpp, line 709]
Event: 188.371 Thread 0x00000000202a7800 Exception <a 'sun/nio/fs/WindowsException'> (0x00000000e205a508) thrown at [D:\src\AOSP-openjdk-cygwin\jdk8u\hotspot\src\share\vm\prims\jni.cpp, line 709]
Event: 188.373 Thread 0x00000000202a7800 Exception <a 'sun/nio/fs/WindowsException'> (0x00000000e2060208) thrown at [D:\src\AOSP-openjdk-cygwin\jdk8u\hotspot\src\share\vm\prims\jni.cpp, line 709]
Event: 188.376 Thread 0x00000000202a7800 Exception <a 'sun/nio/fs/WindowsException'> (0x00000000e22ec388) thrown at [D:\src\AOSP-openjdk-cygwin\jdk8u\hotspot\src\share\vm\prims\jni.cpp, line 709]
Event: 188.378 Thread 0x00000000202a7800 Exception <a 'sun/nio/fs/WindowsException'> (0x00000000e233b670) thrown at [D:\src\AOSP-openjdk-cygwin\jdk8u\hotspot\src\share\vm\prims\jni.cpp, line 709]

Events (10 events):
Event: 188.317 Thread 0x00000000182ec000 flushing nmethod 0x0000000002aa2d10
Event: 188.327 Thread 0x00000000182e2000 flushing nmethod 0x0000000002f12550
Event: 188.327 Thread 0x00000000182e2000 flushing nmethod 0x0000000002f42e90
Event: 188.337 Thread 0x00000000182ec000 flushing nmethod 0x00000000030d65d0
Event: 188.338 Thread 0x00000000182ec000 flushing nmethod 0x00000000031ea290
Event: 188.370 Thread 0x00000000182ec000 flushing nmethod 0x00000000035a52d0
Event: 188.379 Thread 0x00000000182ec000 flushing nmethod 0x0000000003635210
Event: 188.379 Thread 0x00000000182ec000 flushing nmethod 0x000000000369c450
Event: 188.380 Thread 0x00000000182ec000 flushing nmethod 0x0000000003719610
Event: 188.380 Thread 0x00000000182ec000 flushing nmethod 0x0000000003860650


Dynamic libraries:
0x00007ff773e40000 - 0x00007ff773e71000 	C:\Program Files\Android\Android Studio\jre\bin\java.exe
0x00007ff82ef30000 - 0x00007ff82f111000 	C:\WINDOWS\SYSTEM32\ntdll.dll
0x00007ff82c3f0000 - 0x00007ff82c4a1000 	C:\WINDOWS\System32\KERNEL32.DLL
0x00007ff82b2d0000 - 0x00007ff82b543000 	C:\WINDOWS\System32\KERNELBASE.dll
0x00007ff82c610000 - 0x00007ff82c6b1000 	C:\WINDOWS\System32\ADVAPI32.dll
0x00007ff82d1b0000 - 0x00007ff82d24e000 	C:\WINDOWS\System32\msvcrt.dll
0x00007ff82c5b0000 - 0x00007ff82c60b000 	C:\WINDOWS\System32\sechost.dll
0x00007ff82ece0000 - 0x00007ff82ee04000 	C:\WINDOWS\System32\RPCRT4.dll
0x00007ff82d700000 - 0x00007ff82d890000 	C:\WINDOWS\System32\USER32.dll
0x00007ff82c1d0000 - 0x00007ff82c1f0000 	C:\WINDOWS\System32\win32u.dll
0x00007ff82c580000 - 0x00007ff82c5a8000 	C:\WINDOWS\System32\GDI32.dll
0x00007ff82c1f0000 - 0x00007ff82c381000 	C:\WINDOWS\System32\gdi32full.dll
0x00007ff82b5a0000 - 0x00007ff82b63f000 	C:\WINDOWS\System32\msvcp_win.dll
0x00007ff82bff0000 - 0x00007ff82c0e8000 	C:\WINDOWS\System32\ucrtbase.dll
0x00007ff80e500000 - 0x00007ff80e769000 	C:\WINDOWS\WinSxS\amd64_microsoft.windows.common-controls_6595b64144ccf1df_6.0.17134.829_none_fb46a5473061b9d5\COMCTL32.dll
0x00007ff82d250000 - 0x00007ff82d572000 	C:\WINDOWS\System32\combase.dll
0x00007ff82c0f0000 - 0x00007ff82c16a000 	C:\WINDOWS\System32\bcryptPrimitives.dll
0x00007ff82c6c0000 - 0x00007ff82c6ed000 	C:\WINDOWS\System32\IMM32.DLL
0x000000005d5a0000 - 0x000000005d672000 	C:\Program Files\Android\Android Studio\jre\jre\bin\msvcr100.dll
0x000000005d680000 - 0x000000005dec1000 	C:\Program Files\Android\Android Studio\jre\jre\bin\server\jvm.dll
0x00007ff82eec0000 - 0x00007ff82eec8000 	C:\WINDOWS\System32\PSAPI.DLL
0x00007ff820720000 - 0x00007ff820743000 	C:\WINDOWS\SYSTEM32\WINMM.dll
0x00007ff8249a0000 - 0x00007ff8249aa000 	C:\WINDOWS\SYSTEM32\VERSION.dll
0x00007ff8180a0000 - 0x00007ff8180a9000 	C:\WINDOWS\SYSTEM32\WSOCK32.dll
0x00007ff8206f0000 - 0x00007ff82071a000 	C:\WINDOWS\SYSTEM32\winmmbase.dll
0x00007ff82b550000 - 0x00007ff82b599000 	C:\WINDOWS\System32\cfgmgr32.dll
0x00007ff82d690000 - 0x00007ff82d6fc000 	C:\WINDOWS\System32\WS2_32.dll
0x00007ff825760000 - 0x00007ff82576f000 	C:\Program Files\Android\Android Studio\jre\jre\bin\verify.dll
0x00007ff80e430000 - 0x00007ff80e459000 	C:\Program Files\Android\Android Studio\jre\jre\bin\java.dll
0x00007ff8254e0000 - 0x00007ff8254f6000 	C:\Program Files\Android\Android Studio\jre\jre\bin\zip.dll
0x00007ff82d8a0000 - 0x00007ff82ece0000 	C:\WINDOWS\System32\SHELL32.dll
0x00007ff82ee10000 - 0x00007ff82eeb9000 	C:\WINDOWS\System32\shcore.dll
0x00007ff82b6f0000 - 0x00007ff82bdfd000 	C:\WINDOWS\System32\windows.storage.dll
0x00007ff82d150000 - 0x00007ff82d1a1000 	C:\WINDOWS\System32\shlwapi.dll
0x00007ff82b2b0000 - 0x00007ff82b2c1000 	C:\WINDOWS\System32\kernel.appcore.dll
0x00007ff82b290000 - 0x00007ff82b2af000 	C:\WINDOWS\System32\profapi.dll
0x00007ff82b220000 - 0x00007ff82b26c000 	C:\WINDOWS\System32\powrprof.dll
0x00007ff82b210000 - 0x00007ff82b21a000 	C:\WINDOWS\System32\FLTLIB.DLL
0x00007ff81feb0000 - 0x00007ff81feca000 	C:\Program Files\Android\Android Studio\jre\jre\bin\net.dll
0x00007ff82aa90000 - 0x00007ff82aaf6000 	C:\WINDOWS\system32\mswsock.dll
0x00007ff819e40000 - 0x00007ff819e51000 	C:\Program Files\Android\Android Studio\jre\jre\bin\nio.dll
0x00007ff80e410000 - 0x00007ff80e42e000 	C:\Users\ni.guliyev\.gradle\native\25\windows-amd64\native-platform.dll
0x00007ff824ee0000 - 0x00007ff824eed000 	C:\Program Files\Android\Android Studio\jre\jre\bin\management.dll
0x00007ff82ac40000 - 0x00007ff82ac57000 	C:\WINDOWS\SYSTEM32\CRYPTSP.dll
0x00007ff82a680000 - 0x00007ff82a6b3000 	C:\WINDOWS\system32\rsaenh.dll
0x00007ff82ad70000 - 0x00007ff82ad95000 	C:\WINDOWS\SYSTEM32\bcrypt.dll
0x00007ff82b110000 - 0x00007ff82b138000 	C:\WINDOWS\SYSTEM32\USERENV.dll
0x00007ff82ac60000 - 0x00007ff82ac6b000 	C:\WINDOWS\SYSTEM32\CRYPTBASE.dll
0x00007ff82a820000 - 0x00007ff82a858000 	C:\WINDOWS\SYSTEM32\IPHLPAPI.DLL
0x00007ff82d140000 - 0x00007ff82d148000 	C:\WINDOWS\System32\NSI.dll
0x00007ff8265a0000 - 0x00007ff8265b6000 	C:\WINDOWS\SYSTEM32\dhcpcsvc6.DLL
0x00007ff826050000 - 0x00007ff82606a000 	C:\WINDOWS\SYSTEM32\dhcpcsvc.DLL
0x00007ff80d590000 - 0x00007ff80d5b4000 	C:\Program Files\Android\Android Studio\jre\jre\bin\sunec.dll
0x00007ff82a860000 - 0x00007ff82a91e000 	C:\WINDOWS\SYSTEM32\DNSAPI.dll
0x00007ff8230b0000 - 0x00007ff8230ba000 	C:\Windows\System32\rasadhlp.dll
0x00007ff827ae0000 - 0x00007ff827b52000 	C:\WINDOWS\System32\fwpuclnt.dll
0x00007ff824a60000 - 0x00007ff824a6b000 	C:\Program Files\Android\Android Studio\jre\jre\bin\sunmscapi.dll
0x00007ff82be00000 - 0x00007ff82bfe2000 	C:\WINDOWS\System32\CRYPT32.dll
0x00007ff82b270000 - 0x00007ff82b282000 	C:\WINDOWS\System32\MSASN1.dll
0x00007ff82a2b0000 - 0x00007ff82a2e1000 	C:\WINDOWS\SYSTEM32\ntmarta.dll

VM Arguments:
jvm_args: -Xmx1536m -Dfile.encoding=windows-1252 -Duser.country=US -Duser.language=en -Duser.variant 
java_command: org.gradle.launcher.daemon.bootstrap.GradleDaemon 4.6
java_class_path (initial): C:\Users\ni.guliyev\.gradle\wrapper\dists\gradle-4.6-all\bcst21l2brirad8k2ben1letg\gradle-4.6\lib\gradle-launcher-4.6.jar
Launcher Type: SUN_STANDARD

Environment Variables:
PATH=C:\Program Files (x86)\Common Files\Oracle\Java\javapath;C:\WINDOWS\system32;C:\WINDOWS;C:\WINDOWS\System32\Wbem;C:\WINDOWS\System32\WindowsPowerShell\v1.0\;C:\Program Files\dotnet\;C:\Program Files\Microsoft SQL Server\130\Tools\Binn\;C:\Program Files\Microsoft SQL Server\Client SDK\ODBC\130\Tools\Binn\;C:\Program Files (x86)\Microsoft SQL Server\140\Tools\Binn\;C:\Program Files\Microsoft SQL Server\140\Tools\Binn\;C:\Program Files\Microsoft SQL Server\140\DTS\Binn\;C:\Program Files (x86)\Microsoft SQL Server\Client SDK\ODBC\130\Tools\Binn\;C:\Program Files (x86)\Microsoft SQL Server\140\DTS\Binn\;C:\Program Files (x86)\Microsoft SQL Server\140\Tools\Binn\ManagementStudio\;C:\WINDOWS\System32\OpenSSH\;C:\opt\apache-maven-3.6.0\bin;C:\Program Files\Java\jdk-11.0.1\bin;C:\Users\ni.guliyev\AppData\Local\Programs\Microsoft VS Code\bin;C:\Users\ni.guliyev\.android;;%USERPROFILE%\AppData\Local\Microsoft\WindowsApps
USERNAME=ni.guliyev
OS=Windows_NT
PROCESSOR_IDENTIFIER=Intel64 Family 6 Model 142 Stepping 10, GenuineIntel



---------------  S Y S T E M  ---------------

OS: Windows 10.0 , 64 bit Build 17134 (10.0.17134.753)

CPU:total 8 (initial active 8) (4 cores per cpu, 2 threads per core) family 6 model 142 stepping 10, cmov, cx8, fxsr, mmx, sse, sse2, sse3, ssse3, sse4.1, sse4.2, popcnt, avx, avx2, aes, clmul, erms, 3dnowpref, lzcnt, ht, tsc, tscinvbit, bmi1, bmi2, adx

Memory: 4k page, physical 8281300k(854680k free), swap 33447124k(5152k free)

vm_info: OpenJDK 64-Bit Server VM (25.152-b06) for windows-amd64 JRE (1.8.0_152-release-1136-b06), built by "builder" with MS VC++ 10.0 (VS2010)

time: Tue Aug 06 10:05:03 2019
elapsed time: 188 seconds (0d 0h 3m 8s)

